TpTrace Verbose: 0 : 27384, 1, 2023/12/14, 23:42:24.246, 1149246087251, vstest.console.dll, Version: 17.8.0-release-23523-03 Current process architecture: X64
TpTrace Verbose: 0 : 27384, 1, 2023/12/14, 23:42:24.261, 1149246229738, vstest.console.dll, Runtime location: C:\Program Files\dotnet\shared\Microsoft.NETCore.App\8.0.0
TpTrace Verbose: 0 : 27384, 1, 2023/12/14, 23:42:24.267, 1149246296256, vstest.console.dll, ArtifactProcessingPostProcessModeProcessorExecutor.Initialize: ArtifactProcessingMode.Collect
TpTrace Verbose: 0 : 27384, 1, 2023/12/14, 23:42:24.268, 1149246304399, vstest.console.dll, TestSessionCorrelationIdProcessorModeProcessorExecutor.Initialize: TestSessionCorrelationId '31776_1622c0e8-bb43-45d7-bd82-a289cdd55003'
TpTrace Information: 0 : 27384, 1, 2023/12/14, 23:42:24.297, 1149246588834, vstest.console.dll, FilePatternParser: The given file D:\CloudCoderHub\GenericRepositoryPatternDotNet8-main\XunitProject\bin\Debug\net8.0\fine-code-coverage\build-output\XunitProject.dll is a full path.
TpTrace Verbose: 0 : 27384, 1, 2023/12/14, 23:42:24.316, 1149246781054, vstest.console.dll, TestPluginCache.DiscoverTestExtensions: finding test extensions in assemblies ends with: RuntimeProvider.dll TPluginInfo: Microsoft.VisualStudio.TestPlatform.Common.ExtensionFramework.Utilities.TestRuntimePluginInformation TExtension: Microsoft.VisualStudio.TestPlatform.ObjectModel.Host.ITestRuntimeProvider
TpTrace Verbose: 0 : 27384, 1, 2023/12/14, 23:42:24.316, 1149246787319, vstest.console.dll, TestPluginCache.GetExtensionPaths: Filtered extension paths: 
TpTrace Verbose: 0 : 27384, 1, 2023/12/14, 23:42:24.317, 1149246789132, vstest.console.dll, TestPluginCache.GetExtensionPaths: Added default extension paths: C:\Program Files\dotnet\sdk\8.0.100\Extensions\Microsoft.Diagnostics.NETCore.Client.dll
C:\Program Files\dotnet\sdk\8.0.100\Extensions\Microsoft.TestPlatform.Extensions.BlameDataCollector.dll
C:\Program Files\dotnet\sdk\8.0.100\Extensions\Microsoft.TestPlatform.Extensions.EventLogCollector.dll
C:\Program Files\dotnet\sdk\8.0.100\Extensions\Microsoft.TestPlatform.TestHostRuntimeProvider.dll
C:\Program Files\dotnet\sdk\8.0.100\Extensions\Microsoft.VisualStudio.TestPlatform.Extensions.Html.TestLogger.dll
C:\Program Files\dotnet\sdk\8.0.100\Extensions\Microsoft.VisualStudio.TestPlatform.Extensions.Trx.TestLogger.dll
TpTrace Verbose: 0 : 27384, 1, 2023/12/14, 23:42:24.317, 1149246789875, vstest.console.dll, TestPluginCache.GetExtensionPaths: Added unfilterableExtensionPaths: 
TpTrace Information: 0 : 27384, 1, 2023/12/14, 23:42:24.318, 1149246800966, vstest.console.dll, AssemblyResolver.ctor: Creating AssemblyResolver with searchDirectories C:\Program Files\dotnet\sdk\8.0.100\Extensions,C:\Program Files\dotnet\sdk\8.0.100
TpTrace Verbose: 0 : 27384, 1, 2023/12/14, 23:42:24.320, 1149246824888, vstest.console.dll, TestPluginCache.DiscoverTestExtensions: Discovering the extensions using extension path.
TpTrace Verbose: 0 : 27384, 1, 2023/12/14, 23:42:24.321, 1149246830014, vstest.console.dll, TestPluginCache.GetExtensionPaths: Filtered extension paths: 
TpTrace Verbose: 0 : 27384, 1, 2023/12/14, 23:42:24.321, 1149246831079, vstest.console.dll, TestPluginCache.GetExtensionPaths: Added default extension paths: C:\Program Files\dotnet\sdk\8.0.100\Extensions\Microsoft.Diagnostics.NETCore.Client.dll
C:\Program Files\dotnet\sdk\8.0.100\Extensions\Microsoft.TestPlatform.Extensions.BlameDataCollector.dll
C:\Program Files\dotnet\sdk\8.0.100\Extensions\Microsoft.TestPlatform.Extensions.EventLogCollector.dll
C:\Program Files\dotnet\sdk\8.0.100\Extensions\Microsoft.TestPlatform.TestHostRuntimeProvider.dll
C:\Program Files\dotnet\sdk\8.0.100\Extensions\Microsoft.VisualStudio.TestPlatform.Extensions.Html.TestLogger.dll
C:\Program Files\dotnet\sdk\8.0.100\Extensions\Microsoft.VisualStudio.TestPlatform.Extensions.Trx.TestLogger.dll
TpTrace Verbose: 0 : 27384, 1, 2023/12/14, 23:42:24.321, 1149246831968, vstest.console.dll, TestPluginCache.GetExtensionPaths: Added unfilterableExtensionPaths: 
TpTrace Verbose: 0 : 27384, 1, 2023/12/14, 23:42:24.321, 1149246834129, vstest.console.dll, TestPluginCache.DiscoverTestExtensions: Discovering the extensions using allExtensionPaths: C:\Program Files\dotnet\sdk\8.0.100\Extensions\Microsoft.Diagnostics.NETCore.Client.dll
C:\Program Files\dotnet\sdk\8.0.100\Extensions\Microsoft.TestPlatform.Extensions.BlameDataCollector.dll
C:\Program Files\dotnet\sdk\8.0.100\Extensions\Microsoft.TestPlatform.Extensions.EventLogCollector.dll
C:\Program Files\dotnet\sdk\8.0.100\Extensions\Microsoft.TestPlatform.TestHostRuntimeProvider.dll
C:\Program Files\dotnet\sdk\8.0.100\Extensions\Microsoft.VisualStudio.TestPlatform.Extensions.Html.TestLogger.dll
C:\Program Files\dotnet\sdk\8.0.100\Extensions\Microsoft.VisualStudio.TestPlatform.Extensions.Trx.TestLogger.dll
TpTrace Information: 0 : 27384, 1, 2023/12/14, 23:42:24.322, 1149246838847, vstest.console.dll, AssemblyResolver.AddSearchDirectories: Adding more searchDirectories C:\Program Files\dotnet\sdk\8.0.100\Extensions,C:\Program Files\dotnet\sdk\8.0.100
TpTrace Information: 0 : 27384, 1, 2023/12/14, 23:42:24.322, 1149246840308, vstest.console.dll, AssemblyResolver.AddSearchDirectories: Adding more searchDirectories C:\Program Files\dotnet\sdk\8.0.100\Extensions,C:\Program Files\dotnet\sdk\8.0.100
TpTrace Information: 0 : 27384, 1, 2023/12/14, 23:42:24.322, 1149246841103, vstest.console.dll, AssemblyResolver.AddSearchDirectories: Adding more searchDirectories C:\Program Files\dotnet\sdk\8.0.100\Extensions,C:\Program Files\dotnet\sdk\8.0.100
TpTrace Information: 0 : 27384, 1, 2023/12/14, 23:42:24.322, 1149246842006, vstest.console.dll, AssemblyResolver.AddSearchDirectories: Adding more searchDirectories C:\Program Files\dotnet\sdk\8.0.100\Extensions,C:\Program Files\dotnet\sdk\8.0.100
TpTrace Information: 0 : 27384, 1, 2023/12/14, 23:42:24.322, 1149246843696, vstest.console.dll, AssemblyResolver.AddSearchDirectories: Adding more searchDirectories C:\Program Files\dotnet\sdk\8.0.100\Extensions,C:\Program Files\dotnet\sdk\8.0.100
TpTrace Information: 0 : 27384, 1, 2023/12/14, 23:42:24.322, 1149246844684, vstest.console.dll, AssemblyResolver.AddSearchDirectories: Adding more searchDirectories C:\Program Files\dotnet\sdk\8.0.100\Extensions,C:\Program Files\dotnet\sdk\8.0.100
TpTrace Information: 0 : 27384, 1, 2023/12/14, 23:42:24.325, 1149246877754, vstest.console.dll, AssemblyResolver.OnResolve: Microsoft.Diagnostics.NETCore.Client: Resolving assembly.
TpTrace Information: 0 : 27384, 1, 2023/12/14, 23:42:24.326, 1149246884453, vstest.console.dll, AssemblyResolver.OnResolve: Microsoft.Diagnostics.NETCore.Client: Searching in: 'C:\Program Files\dotnet\sdk\8.0.100\Extensions'.
TpTrace Information: 0 : 27384, 1, 2023/12/14, 23:42:24.351, 1149247134290, vstest.console.dll, AssemblyResolver.OnResolve: Microsoft.Diagnostics.NETCore.Client: Loading assembly 'C:\Program Files\dotnet\sdk\8.0.100\Extensions\Microsoft.Diagnostics.NETCore.Client.dll'.
TpTrace Information: 0 : 27384, 1, 2023/12/14, 23:42:24.353, 1149247151567, vstest.console.dll, AssemblyResolver.OnResolve: Resolved assembly: Microsoft.Diagnostics.NETCore.Client, from path: C:\Program Files\dotnet\sdk\8.0.100\Extensions\Microsoft.Diagnostics.NETCore.Client.dll
TpTrace Verbose: 0 : 27384, 1, 2023/12/14, 23:42:24.376, 1149247380830, vstest.console.dll, MetadataReaderExtensionsHelper: Discovering extensions inside assembly 'Microsoft.Diagnostics.NETCore.Client, Version=0.2.8.21101, Culture=neutral, PublicKeyToken=31bf3856ad364e35' file path 'C:\Program Files\dotnet\sdk\8.0.100\Extensions\Microsoft.Diagnostics.NETCore.Client.dll'
TpTrace Information: 0 : 27384, 1, 2023/12/14, 23:42:24.392, 1149247538418, vstest.console.dll, AssemblyResolver.OnResolve: Microsoft.Bcl.AsyncInterfaces: Resolving assembly.
TpTrace Information: 0 : 27384, 1, 2023/12/14, 23:42:24.392, 1149247540462, vstest.console.dll, AssemblyResolver.OnResolve: Microsoft.Bcl.AsyncInterfaces: Searching in: 'C:\Program Files\dotnet\sdk\8.0.100\Extensions'.
TpTrace Information: 0 : 27384, 1, 2023/12/14, 23:42:24.392, 1149247542260, vstest.console.dll, AssemblyResolver.OnResolve: Microsoft.Bcl.AsyncInterfaces: Assembly path does not exist: 'C:\Program Files\dotnet\sdk\8.0.100\Extensions\Microsoft.Bcl.AsyncInterfaces.dll', returning.
TpTrace Information: 0 : 27384, 1, 2023/12/14, 23:42:24.392, 1149247544464, vstest.console.dll, AssemblyResolver.OnResolve: Microsoft.Bcl.AsyncInterfaces: Assembly path does not exist: 'C:\Program Files\dotnet\sdk\8.0.100\Extensions\Microsoft.Bcl.AsyncInterfaces.exe', returning.
TpTrace Information: 0 : 27384, 1, 2023/12/14, 23:42:24.392, 1149247545871, vstest.console.dll, AssemblyResolver.OnResolve: Microsoft.Bcl.AsyncInterfaces: Searching in: 'C:\Program Files\dotnet\sdk\8.0.100'.
TpTrace Information: 0 : 27384, 1, 2023/12/14, 23:42:24.392, 1149247547761, vstest.console.dll, AssemblyResolver.OnResolve: Microsoft.Bcl.AsyncInterfaces: Assembly path does not exist: 'C:\Program Files\dotnet\sdk\8.0.100\Microsoft.Bcl.AsyncInterfaces.dll', returning.
TpTrace Information: 0 : 27384, 1, 2023/12/14, 23:42:24.393, 1149247550361, vstest.console.dll, AssemblyResolver.OnResolve: Microsoft.Bcl.AsyncInterfaces: Assembly path does not exist: 'C:\Program Files\dotnet\sdk\8.0.100\Microsoft.Bcl.AsyncInterfaces.exe', returning.
TpTrace Information: 0 : 27384, 1, 2023/12/14, 23:42:24.393, 1149247552421, vstest.console.dll, AssemblyResolver.OnResolve: Microsoft.Bcl.AsyncInterfaces: Failed to load assembly.
TpTrace Verbose: 0 : 27384, 1, 2023/12/14, 23:42:24.393, 1149247554374, vstest.console.dll, CurrentDomainAssemblyResolve: Resolving assembly 'Microsoft.Bcl.AsyncInterfaces'.
TpTrace Information: 0 : 27384, 1, 2023/12/14, 23:42:24.393, 1149247557171, vstest.console.dll, AssemblyResolver.OnResolve: Microsoft.Bcl.AsyncInterfaces: Resolving assembly.
TpTrace Information: 0 : 27384, 1, 2023/12/14, 23:42:24.394, 1149247559015, vstest.console.dll, AssemblyResolver.OnResolve: Microsoft.Bcl.AsyncInterfaces: Resolved from cache.
TpTrace Verbose: 0 : 27384, 1, 2023/12/14, 23:42:24.394, 1149247560258, vstest.console.dll, CurrentDomainAssemblyResolve: Resolving assembly 'Microsoft.Bcl.AsyncInterfaces'.
TpTrace Verbose: 0 : 27384, 1, 2023/12/14, 23:42:24.394, 1149247562548, vstest.console.dll, CurrentDomainAssemblyResolve: Failed to resolve assembly 'Microsoft.Bcl.AsyncInterfaces'.
TpTrace Verbose: 0 : 27384, 1, 2023/12/14, 23:42:24.400, 1149247625069, vstest.console.dll, CurrentDomainAssemblyResolve: Failed to resolve assembly 'Microsoft.Bcl.AsyncInterfaces'.
TpTrace Warning: 0 : 27384, 1, 2023/12/14, 23:42:24.442, 1149248043115, vstest.console.dll, TestPluginDiscoverer: Failed to get types from assembly 'Microsoft.Diagnostics.NETCore.Client, Version=0.2.8.21101, Culture=neutral, PublicKeyToken=31bf3856ad364e35'. Error: System.Reflection.ReflectionTypeLoadException: Unable to load one or more of the requested types.
Could not load file or assembly 'Microsoft.Bcl.AsyncInterfaces, Version=1.0.0.0, Culture=neutral, PublicKeyToken=cc7b13ffcd2ddd51'. The system cannot find the file specified.
   at System.Reflection.RuntimeModule.GetTypes(RuntimeModule module)
   at System.Reflection.RuntimeModule.GetTypes()
   at Microsoft.VisualStudio.TestPlatform.Common.ExtensionFramework.TestPluginDiscoverer.GetTestExtensionsFromAssembly[TPluginInfo,TExtension](Assembly assembly, Dictionary`2 pluginInfos, String filePath) in /_/src/Microsoft.TestPlatform.Common/ExtensionFramework/TestPluginDiscoverer.cs:line 158
System.IO.FileNotFoundException: Could not load file or assembly 'Microsoft.Bcl.AsyncInterfaces, Version=1.0.0.0, Culture=neutral, PublicKeyToken=cc7b13ffcd2ddd51'. The system cannot find the file specified.
File name: 'Microsoft.Bcl.AsyncInterfaces, Version=1.0.0.0, Culture=neutral, PublicKeyToken=cc7b13ffcd2ddd51'
 ---> System.IO.FileNotFoundException: Could not load file or assembly 'Microsoft.Bcl.AsyncInterfaces, Culture=neutral, PublicKeyToken=null'. The system cannot find the file specified.
File name: 'Microsoft.Bcl.AsyncInterfaces, Culture=neutral, PublicKeyToken=null'
   at System.Reflection.RuntimeAssembly.InternalLoad(AssemblyName assemblyName, StackCrawlMark& stackMark, AssemblyLoadContext assemblyLoadContext, RuntimeAssembly requestingAssembly, Boolean throwOnFileNotFound)
   at System.Reflection.Assembly.Load(AssemblyName assemblyRef)
   at Microsoft.VisualStudio.TestPlatform.Common.ExtensionFramework.TestPluginCache.CurrentDomainAssemblyResolve(Object sender, AssemblyResolveEventArgs args) in /_/src/Microsoft.TestPlatform.Common/ExtensionFramework/TestPluginCache.cs:line 513
   at System.Runtime.Loader.AssemblyLoadContext.GetFirstResolvedAssemblyFromResolvingEvent(AssemblyName assemblyName)
   at System.Runtime.Loader.AssemblyLoadContext.ResolveUsingEvent(AssemblyName assemblyName)
   at System.Runtime.Loader.AssemblyLoadContext.ResolveUsingResolvingEvent(IntPtr gchManagedAssemblyLoadContext, AssemblyName assemblyName)
TpTrace Warning: 0 : 27384, 1, 2023/12/14, 23:42:24.444, 1149248059434, vstest.console.dll, LoaderExceptions: System.IO.FileNotFoundException: Could not load file or assembly 'Microsoft.Bcl.AsyncInterfaces, Version=1.0.0.0, Culture=neutral, PublicKeyToken=cc7b13ffcd2ddd51'. The system cannot find the file specified.
File name: 'Microsoft.Bcl.AsyncInterfaces, Version=1.0.0.0, Culture=neutral, PublicKeyToken=cc7b13ffcd2ddd51'
 ---> System.IO.FileNotFoundException: Could not load file or assembly 'Microsoft.Bcl.AsyncInterfaces, Culture=neutral, PublicKeyToken=null'. The system cannot find the file specified.
File name: 'Microsoft.Bcl.AsyncInterfaces, Culture=neutral, PublicKeyToken=null'
   at System.Reflection.RuntimeAssembly.InternalLoad(AssemblyName assemblyName, StackCrawlMark& stackMark, AssemblyLoadContext assemblyLoadContext, RuntimeAssembly requestingAssembly, Boolean throwOnFileNotFound)
   at System.Reflection.Assembly.Load(AssemblyName assemblyRef)
   at Microsoft.VisualStudio.TestPlatform.Common.ExtensionFramework.TestPluginCache.CurrentDomainAssemblyResolve(Object sender, AssemblyResolveEventArgs args) in /_/src/Microsoft.TestPlatform.Common/ExtensionFramework/TestPluginCache.cs:line 513
   at System.Runtime.Loader.AssemblyLoadContext.GetFirstResolvedAssemblyFromResolvingEvent(AssemblyName assemblyName)
   at System.Runtime.Loader.AssemblyLoadContext.ResolveUsingEvent(AssemblyName assemblyName)
   at System.Runtime.Loader.AssemblyLoadContext.ResolveUsingResolvingEvent(IntPtr gchManagedAssemblyLoadContext, AssemblyName assemblyName)
TpTrace Information: 0 : 27384, 1, 2023/12/14, 23:42:24.444, 1149248066533, vstest.console.dll, AssemblyResolver.OnResolve: Microsoft.TestPlatform.Extensions.BlameDataCollector: Resolving assembly.
TpTrace Information: 0 : 27384, 1, 2023/12/14, 23:42:24.445, 1149248068421, vstest.console.dll, AssemblyResolver.OnResolve: Microsoft.TestPlatform.Extensions.BlameDataCollector: Searching in: 'C:\Program Files\dotnet\sdk\8.0.100\Extensions'.
TpTrace Information: 0 : 27384, 1, 2023/12/14, 23:42:24.446, 1149248087297, vstest.console.dll, AssemblyResolver.OnResolve: Microsoft.TestPlatform.Extensions.BlameDataCollector: Loading assembly 'C:\Program Files\dotnet\sdk\8.0.100\Extensions\Microsoft.TestPlatform.Extensions.BlameDataCollector.dll'.
TpTrace Information: 0 : 27384, 1, 2023/12/14, 23:42:24.452, 1149248138256, vstest.console.dll, AssemblyResolver.OnResolve: Resolved assembly: Microsoft.TestPlatform.Extensions.BlameDataCollector, from path: C:\Program Files\dotnet\sdk\8.0.100\Extensions\Microsoft.TestPlatform.Extensions.BlameDataCollector.dll
TpTrace Verbose: 0 : 27384, 1, 2023/12/14, 23:42:24.452, 1149248140784, vstest.console.dll, MetadataReaderExtensionsHelper: Discovering extensions inside assembly 'Microsoft.TestPlatform.Extensions.BlameDataCollector, Version=15.0.0.0, Culture=neutral, PublicKeyToken=b03f5f7f11d50a3a' file path 'C:\Program Files\dotnet\sdk\8.0.100\Extensions\Microsoft.TestPlatform.Extensions.BlameDataCollector.dll'
TpTrace Information: 0 : 27384, 1, 2023/12/14, 23:42:24.455, 1149248175355, vstest.console.dll, AssemblyResolver.OnResolve: Microsoft.TestPlatform.Extensions.EventLogCollector: Resolving assembly.
TpTrace Information: 0 : 27384, 1, 2023/12/14, 23:42:24.456, 1149248180580, vstest.console.dll, AssemblyResolver.OnResolve: Microsoft.TestPlatform.Extensions.EventLogCollector: Searching in: 'C:\Program Files\dotnet\sdk\8.0.100\Extensions'.
TpTrace Information: 0 : 27384, 1, 2023/12/14, 23:42:24.457, 1149248192546, vstest.console.dll, AssemblyResolver.OnResolve: Microsoft.TestPlatform.Extensions.EventLogCollector: Loading assembly 'C:\Program Files\dotnet\sdk\8.0.100\Extensions\Microsoft.TestPlatform.Extensions.EventLogCollector.dll'.
TpTrace Information: 0 : 27384, 1, 2023/12/14, 23:42:24.458, 1149248207348, vstest.console.dll, AssemblyResolver.OnResolve: Resolved assembly: Microsoft.TestPlatform.Extensions.EventLogCollector, from path: C:\Program Files\dotnet\sdk\8.0.100\Extensions\Microsoft.TestPlatform.Extensions.EventLogCollector.dll
TpTrace Verbose: 0 : 27384, 1, 2023/12/14, 23:42:24.459, 1149248210183, vstest.console.dll, MetadataReaderExtensionsHelper: Discovering extensions inside assembly 'Microsoft.TestPlatform.Extensions.EventLogCollector, Version=15.0.0.0, Culture=neutral, PublicKeyToken=b03f5f7f11d50a3a' file path 'C:\Program Files\dotnet\sdk\8.0.100\Extensions\Microsoft.TestPlatform.Extensions.EventLogCollector.dll'
TpTrace Information: 0 : 27384, 1, 2023/12/14, 23:42:24.467, 1149248291008, vstest.console.dll, AssemblyResolver.OnResolve: Microsoft.TestPlatform.TestHostRuntimeProvider: Resolving assembly.
TpTrace Information: 0 : 27384, 1, 2023/12/14, 23:42:24.467, 1149248293829, vstest.console.dll, AssemblyResolver.OnResolve: Microsoft.TestPlatform.TestHostRuntimeProvider: Searching in: 'C:\Program Files\dotnet\sdk\8.0.100\Extensions'.
TpTrace Information: 0 : 27384, 1, 2023/12/14, 23:42:24.472, 1149248347127, vstest.console.dll, AssemblyResolver.OnResolve: Microsoft.TestPlatform.TestHostRuntimeProvider: Loading assembly 'C:\Program Files\dotnet\sdk\8.0.100\Extensions\Microsoft.TestPlatform.TestHostRuntimeProvider.dll'.
TpTrace Information: 0 : 27384, 1, 2023/12/14, 23:42:24.477, 1149248392842, vstest.console.dll, AssemblyResolver.OnResolve: Resolved assembly: Microsoft.TestPlatform.TestHostRuntimeProvider, from path: C:\Program Files\dotnet\sdk\8.0.100\Extensions\Microsoft.TestPlatform.TestHostRuntimeProvider.dll
TpTrace Verbose: 0 : 27384, 1, 2023/12/14, 23:42:24.477, 1149248397025, vstest.console.dll, MetadataReaderExtensionsHelper: Discovering extensions inside assembly 'Microsoft.TestPlatform.TestHostRuntimeProvider, Version=15.0.0.0, Culture=neutral, PublicKeyToken=b03f5f7f11d50a3a' file path 'C:\Program Files\dotnet\sdk\8.0.100\Extensions\Microsoft.TestPlatform.TestHostRuntimeProvider.dll'
TpTrace Information: 0 : 27384, 1, 2023/12/14, 23:42:24.486, 1149248487594, vstest.console.dll, GetTestExtensionFromType: Register extension with identifier data 'HostProvider://DefaultTestHost' and type 'Microsoft.VisualStudio.TestPlatform.CrossPlatEngine.Hosting.DefaultTestHostManager, Microsoft.TestPlatform.TestHostRuntimeProvider, Version=15.0.0.0, Culture=neutral, PublicKeyToken=b03f5f7f11d50a3a' inside file 'C:\Program Files\dotnet\sdk\8.0.100\Extensions\Microsoft.TestPlatform.TestHostRuntimeProvider.dll'
TpTrace Information: 0 : 27384, 1, 2023/12/14, 23:42:24.487, 1149248493809, vstest.console.dll, GetTestExtensionFromType: Register extension with identifier data 'HostProvider://DotnetTestHost' and type 'Microsoft.VisualStudio.TestPlatform.CrossPlatEngine.Hosting.DotnetTestHostManager, Microsoft.TestPlatform.TestHostRuntimeProvider, Version=15.0.0.0, Culture=neutral, PublicKeyToken=b03f5f7f11d50a3a' inside file 'C:\Program Files\dotnet\sdk\8.0.100\Extensions\Microsoft.TestPlatform.TestHostRuntimeProvider.dll'
TpTrace Information: 0 : 27384, 1, 2023/12/14, 23:42:24.487, 1149248495996, vstest.console.dll, AssemblyResolver.OnResolve: Microsoft.VisualStudio.TestPlatform.Extensions.Html.TestLogger: Resolving assembly.
TpTrace Information: 0 : 27384, 1, 2023/12/14, 23:42:24.487, 1149248496929, vstest.console.dll, AssemblyResolver.OnResolve: Microsoft.VisualStudio.TestPlatform.Extensions.Html.TestLogger: Searching in: 'C:\Program Files\dotnet\sdk\8.0.100\Extensions'.
TpTrace Information: 0 : 27384, 1, 2023/12/14, 23:42:24.488, 1149248507730, vstest.console.dll, AssemblyResolver.OnResolve: Microsoft.VisualStudio.TestPlatform.Extensions.Html.TestLogger: Loading assembly 'C:\Program Files\dotnet\sdk\8.0.100\Extensions\Microsoft.VisualStudio.TestPlatform.Extensions.Html.TestLogger.dll'.
TpTrace Information: 0 : 27384, 1, 2023/12/14, 23:42:24.490, 1149248520089, vstest.console.dll, AssemblyResolver.OnResolve: Resolved assembly: Microsoft.VisualStudio.TestPlatform.Extensions.Html.TestLogger, from path: C:\Program Files\dotnet\sdk\8.0.100\Extensions\Microsoft.VisualStudio.TestPlatform.Extensions.Html.TestLogger.dll
TpTrace Verbose: 0 : 27384, 1, 2023/12/14, 23:42:24.490, 1149248522284, vstest.console.dll, MetadataReaderExtensionsHelper: Discovering extensions inside assembly 'Microsoft.VisualStudio.TestPlatform.Extensions.Html.TestLogger, Version=15.0.0.0, Culture=neutral, PublicKeyToken=b03f5f7f11d50a3a' file path 'C:\Program Files\dotnet\sdk\8.0.100\Extensions\Microsoft.VisualStudio.TestPlatform.Extensions.Html.TestLogger.dll'
TpTrace Information: 0 : 27384, 1, 2023/12/14, 23:42:24.493, 1149248554355, vstest.console.dll, AssemblyResolver.OnResolve: Microsoft.VisualStudio.TestPlatform.Extensions.Trx.TestLogger: Resolving assembly.
TpTrace Information: 0 : 27384, 1, 2023/12/14, 23:42:24.493, 1149248556643, vstest.console.dll, AssemblyResolver.OnResolve: Microsoft.VisualStudio.TestPlatform.Extensions.Trx.TestLogger: Searching in: 'C:\Program Files\dotnet\sdk\8.0.100\Extensions'.
TpTrace Information: 0 : 27384, 1, 2023/12/14, 23:42:24.494, 1149248567877, vstest.console.dll, AssemblyResolver.OnResolve: Microsoft.VisualStudio.TestPlatform.Extensions.Trx.TestLogger: Loading assembly 'C:\Program Files\dotnet\sdk\8.0.100\Extensions\Microsoft.VisualStudio.TestPlatform.Extensions.Trx.TestLogger.dll'.
TpTrace Information: 0 : 27384, 1, 2023/12/14, 23:42:24.496, 1149248585456, vstest.console.dll, AssemblyResolver.OnResolve: Resolved assembly: Microsoft.VisualStudio.TestPlatform.Extensions.Trx.TestLogger, from path: C:\Program Files\dotnet\sdk\8.0.100\Extensions\Microsoft.VisualStudio.TestPlatform.Extensions.Trx.TestLogger.dll
TpTrace Verbose: 0 : 27384, 1, 2023/12/14, 23:42:24.497, 1149248589117, vstest.console.dll, MetadataReaderExtensionsHelper: Discovering extensions inside assembly 'Microsoft.VisualStudio.TestPlatform.Extensions.Trx.TestLogger, Version=15.0.0.0, Culture=neutral, PublicKeyToken=b03f5f7f11d50a3a' file path 'C:\Program Files\dotnet\sdk\8.0.100\Extensions\Microsoft.VisualStudio.TestPlatform.Extensions.Trx.TestLogger.dll'
TpTrace Verbose: 0 : 27384, 1, 2023/12/14, 23:42:24.507, 1149248693840, vstest.console.dll, TestPluginCache: Discovered the extensions using extension path ''.
TpTrace Verbose: 0 : 27384, 1, 2023/12/14, 23:42:24.508, 1149248700563, vstest.console.dll, TestPluginCache: Discoverers are ''.
TpTrace Verbose: 0 : 27384, 1, 2023/12/14, 23:42:24.508, 1149248702377, vstest.console.dll, TestPluginCache: Executors are ''.
TpTrace Verbose: 0 : 27384, 1, 2023/12/14, 23:42:24.508, 1149248703540, vstest.console.dll, TestPluginCache: Executors2 are ''.
TpTrace Verbose: 0 : 27384, 1, 2023/12/14, 23:42:24.508, 1149248704947, vstest.console.dll, TestPluginCache: Setting providers are ''.
TpTrace Verbose: 0 : 27384, 1, 2023/12/14, 23:42:24.508, 1149248705927, vstest.console.dll, TestPluginCache: Loggers are ''.
TpTrace Verbose: 0 : 27384, 1, 2023/12/14, 23:42:24.510, 1149248718982, vstest.console.dll, TestPluginCache: TestHosts are 'HostProvider://DefaultTestHost,HostProvider://DotnetTestHost'.
TpTrace Verbose: 0 : 27384, 1, 2023/12/14, 23:42:24.510, 1149248721409, vstest.console.dll, TestPluginCache: DataCollectors are ''.
TpTrace Information: 0 : 27384, 1, 2023/12/14, 23:42:24.559, 1149249215938, vstest.console.dll, RunTestsArgumentProcessor:Execute: Test run is starting.
TpTrace Verbose: 0 : 27384, 1, 2023/12/14, 23:42:24.559, 1149249217761, vstest.console.dll, RunTestsArgumentProcessor:Execute: Queuing Test run.
TpTrace Information: 0 : 27384, 1, 2023/12/14, 23:42:24.560, 1149249224851, vstest.console.dll, TestRequestManager.RunTests: run tests started.
TpTrace Information: 0 : 27384, 1, 2023/12/14, 23:42:24.563, 1149249257401, vstest.console.dll, AssemblyMetadataProvider.GetFrameworkName: Determined framework:'.NETCoreApp,Version=v8.0' for source: 'D:\CloudCoderHub\GenericRepositoryPatternDotNet8-main\XunitProject\bin\Debug\net8.0\fine-code-coverage\build-output\XunitProject.dll'
TpTrace Information: 0 : 27384, 1, 2023/12/14, 23:42:24.564, 1149249261922, vstest.console.dll, Determined framework for all sources: .NETCoreApp,Version=v8.0
TpTrace Verbose: 0 : 27384, 1, 2023/12/14, 23:42:24.567, 1149249294902, vstest.console.dll, TestRequestManager.UpdateRunSettingsIfRequired: Default architecture: X64 IsDefaultTargetArchitecture: True, Current process architecture: X64 OperatingSystem: Windows.
TpTrace Information: 0 : 27384, 1, 2023/12/14, 23:42:24.578, 1149249407518, vstest.console.dll, AssemblyMetadataProvider.GetArchitecture: Determined architecture:AnyCPU info for assembly: D:\CloudCoderHub\GenericRepositoryPatternDotNet8-main\XunitProject\bin\Debug\net8.0\fine-code-coverage\build-output\XunitProject.dll
TpTrace Information: 0 : 27384, 1, 2023/12/14, 23:42:24.579, 1149249409983, vstest.console.dll, Determined platform for source 'D:\CloudCoderHub\GenericRepositoryPatternDotNet8-main\XunitProject\bin\Debug\net8.0\fine-code-coverage\build-output\XunitProject.dll' was AnyCPU and it will use the default plaform X64.
TpTrace Information: 0 : 27384, 1, 2023/12/14, 23:42:24.579, 1149249410992, vstest.console.dll, None of the sources provided any runnable platform, using the default platform: X64
TpTrace Information: 0 : 27384, 1, 2023/12/14, 23:42:24.579, 1149249414728, vstest.console.dll, Platform was updated to 'X64'.
TpTrace Information: 0 : 27384, 1, 2023/12/14, 23:42:24.591, 1149249531245, vstest.console.dll, InferRunSettingsHelper.IsTestSettingsEnabled: Unable to navigate to RunSettings/MSTest. Current node: RunSettings
TpTrace Information: 0 : 27384, 1, 2023/12/14, 23:42:24.592, 1149249541544, vstest.console.dll, AssemblyResolver.OnResolve: Microsoft.VisualStudio.TestPlatform.Fakes: Resolving assembly.
TpTrace Information: 0 : 27384, 1, 2023/12/14, 23:42:24.592, 1149249543321, vstest.console.dll, AssemblyResolver.OnResolve: Microsoft.VisualStudio.TestPlatform.Fakes: Searching in: 'C:\Program Files\dotnet\sdk\8.0.100\Extensions'.
TpTrace Information: 0 : 27384, 1, 2023/12/14, 23:42:24.592, 1149249545517, vstest.console.dll, AssemblyResolver.OnResolve: Microsoft.VisualStudio.TestPlatform.Fakes: Assembly path does not exist: 'C:\Program Files\dotnet\sdk\8.0.100\Extensions\Microsoft.VisualStudio.TestPlatform.Fakes.dll', returning.
TpTrace Information: 0 : 27384, 1, 2023/12/14, 23:42:24.592, 1149249547009, vstest.console.dll, AssemblyResolver.OnResolve: Microsoft.VisualStudio.TestPlatform.Fakes: Assembly path does not exist: 'C:\Program Files\dotnet\sdk\8.0.100\Extensions\Microsoft.VisualStudio.TestPlatform.Fakes.exe', returning.
TpTrace Information: 0 : 27384, 1, 2023/12/14, 23:42:24.592, 1149249547675, vstest.console.dll, AssemblyResolver.OnResolve: Microsoft.VisualStudio.TestPlatform.Fakes: Searching in: 'C:\Program Files\dotnet\sdk\8.0.100'.
TpTrace Information: 0 : 27384, 1, 2023/12/14, 23:42:24.593, 1149249548624, vstest.console.dll, AssemblyResolver.OnResolve: Microsoft.VisualStudio.TestPlatform.Fakes: Assembly path does not exist: 'C:\Program Files\dotnet\sdk\8.0.100\Microsoft.VisualStudio.TestPlatform.Fakes.dll', returning.
TpTrace Information: 0 : 27384, 1, 2023/12/14, 23:42:24.593, 1149249549551, vstest.console.dll, AssemblyResolver.OnResolve: Microsoft.VisualStudio.TestPlatform.Fakes: Assembly path does not exist: 'C:\Program Files\dotnet\sdk\8.0.100\Microsoft.VisualStudio.TestPlatform.Fakes.exe', returning.
TpTrace Information: 0 : 27384, 1, 2023/12/14, 23:42:24.593, 1149249550182, vstest.console.dll, AssemblyResolver.OnResolve: Microsoft.VisualStudio.TestPlatform.Fakes: Failed to load assembly.
TpTrace Information: 0 : 27384, 1, 2023/12/14, 23:42:24.593, 1149249554354, vstest.console.dll, Failed to load assembly Microsoft.VisualStudio.TestPlatform.Fakes, Version=17.0.0.0, Culture=neutral. Reason:System.IO.FileNotFoundException: Could not load file or assembly 'Microsoft.VisualStudio.TestPlatform.Fakes, Version=17.0.0.0, Culture=neutral, PublicKeyToken=null'. The system cannot find the file specified.
File name: 'Microsoft.VisualStudio.TestPlatform.Fakes, Version=17.0.0.0, Culture=neutral, PublicKeyToken=null'
   at System.Reflection.RuntimeAssembly.InternalLoad(AssemblyName assemblyName, StackCrawlMark& stackMark, AssemblyLoadContext assemblyLoadContext, RuntimeAssembly requestingAssembly, Boolean throwOnFileNotFound)
   at System.Reflection.Assembly.Load(AssemblyName assemblyRef)
   at Microsoft.VisualStudio.TestPlatform.Common.Utilities.FakesUtilities.LoadTestPlatformAssembly() in /_/src/Microsoft.TestPlatform.Common/Utilities/FakesUtilities.cs:line 272
TpTrace Verbose: 0 : 27384, 1, 2023/12/14, 23:42:24.603, 1149249648410, vstest.console.dll, TestPluginCache.DiscoverTestExtensions: finding test extensions in assemblies ends with: TestLogger.dll TPluginInfo: Microsoft.VisualStudio.TestPlatform.Common.ExtensionFramework.Utilities.TestLoggerPluginInformation TExtension: Microsoft.VisualStudio.TestPlatform.ObjectModel.Client.ITestLogger
TpTrace Verbose: 0 : 27384, 1, 2023/12/14, 23:42:24.603, 1149249653313, vstest.console.dll, TestPluginCache.GetExtensionPaths: Filtered extension paths: 
TpTrace Verbose: 0 : 27384, 1, 2023/12/14, 23:42:24.603, 1149249655547, vstest.console.dll, TestPluginCache.GetExtensionPaths: Added default extension paths: C:\Program Files\dotnet\sdk\8.0.100\Extensions\Microsoft.Diagnostics.NETCore.Client.dll
C:\Program Files\dotnet\sdk\8.0.100\Extensions\Microsoft.TestPlatform.Extensions.BlameDataCollector.dll
C:\Program Files\dotnet\sdk\8.0.100\Extensions\Microsoft.TestPlatform.Extensions.EventLogCollector.dll
C:\Program Files\dotnet\sdk\8.0.100\Extensions\Microsoft.TestPlatform.TestHostRuntimeProvider.dll
C:\Program Files\dotnet\sdk\8.0.100\Extensions\Microsoft.VisualStudio.TestPlatform.Extensions.Html.TestLogger.dll
C:\Program Files\dotnet\sdk\8.0.100\Extensions\Microsoft.VisualStudio.TestPlatform.Extensions.Trx.TestLogger.dll
TpTrace Verbose: 0 : 27384, 1, 2023/12/14, 23:42:24.603, 1149249656604, vstest.console.dll, TestPluginCache.GetExtensionPaths: Added unfilterableExtensionPaths: 
TpTrace Information: 0 : 27384, 1, 2023/12/14, 23:42:24.604, 1149249663654, vstest.console.dll, AssemblyResolver.AddSearchDirectories: Adding more searchDirectories C:\Program Files\dotnet\sdk\8.0.100\Extensions,C:\Program Files\dotnet\sdk\8.0.100
TpTrace Verbose: 0 : 27384, 1, 2023/12/14, 23:42:24.604, 1149249667165, vstest.console.dll, TestPluginCache.DiscoverTestExtensions: Discovering the extensions using extension path.
TpTrace Verbose: 0 : 27384, 1, 2023/12/14, 23:42:24.605, 1149249670248, vstest.console.dll, TestPluginCache.GetExtensionPaths: Filtered extension paths: 
TpTrace Verbose: 0 : 27384, 1, 2023/12/14, 23:42:24.605, 1149249673123, vstest.console.dll, TestPluginCache.GetExtensionPaths: Added default extension paths: C:\Program Files\dotnet\sdk\8.0.100\Extensions\Microsoft.Diagnostics.NETCore.Client.dll
C:\Program Files\dotnet\sdk\8.0.100\Extensions\Microsoft.TestPlatform.Extensions.BlameDataCollector.dll
C:\Program Files\dotnet\sdk\8.0.100\Extensions\Microsoft.TestPlatform.Extensions.EventLogCollector.dll
C:\Program Files\dotnet\sdk\8.0.100\Extensions\Microsoft.TestPlatform.TestHostRuntimeProvider.dll
C:\Program Files\dotnet\sdk\8.0.100\Extensions\Microsoft.VisualStudio.TestPlatform.Extensions.Html.TestLogger.dll
C:\Program Files\dotnet\sdk\8.0.100\Extensions\Microsoft.VisualStudio.TestPlatform.Extensions.Trx.TestLogger.dll
TpTrace Verbose: 0 : 27384, 1, 2023/12/14, 23:42:24.605, 1149249674705, vstest.console.dll, TestPluginCache.GetExtensionPaths: Added unfilterableExtensionPaths: 
TpTrace Verbose: 0 : 27384, 1, 2023/12/14, 23:42:24.605, 1149249676202, vstest.console.dll, TestPluginCache.DiscoverTestExtensions: Discovering the extensions using allExtensionPaths: C:\Program Files\dotnet\sdk\8.0.100\Extensions\Microsoft.Diagnostics.NETCore.Client.dll
C:\Program Files\dotnet\sdk\8.0.100\Extensions\Microsoft.TestPlatform.Extensions.BlameDataCollector.dll
C:\Program Files\dotnet\sdk\8.0.100\Extensions\Microsoft.TestPlatform.Extensions.EventLogCollector.dll
C:\Program Files\dotnet\sdk\8.0.100\Extensions\Microsoft.TestPlatform.TestHostRuntimeProvider.dll
C:\Program Files\dotnet\sdk\8.0.100\Extensions\Microsoft.VisualStudio.TestPlatform.Extensions.Html.TestLogger.dll
C:\Program Files\dotnet\sdk\8.0.100\Extensions\Microsoft.VisualStudio.TestPlatform.Extensions.Trx.TestLogger.dll
TpTrace Information: 0 : 27384, 1, 2023/12/14, 23:42:24.606, 1149249680443, vstest.console.dll, AssemblyResolver.AddSearchDirectories: Adding more searchDirectories C:\Program Files\dotnet\sdk\8.0.100\Extensions,C:\Program Files\dotnet\sdk\8.0.100
TpTrace Information: 0 : 27384, 1, 2023/12/14, 23:42:24.606, 1149249682970, vstest.console.dll, AssemblyResolver.AddSearchDirectories: Adding more searchDirectories C:\Program Files\dotnet\sdk\8.0.100\Extensions,C:\Program Files\dotnet\sdk\8.0.100
TpTrace Information: 0 : 27384, 1, 2023/12/14, 23:42:24.606, 1149249685668, vstest.console.dll, AssemblyResolver.AddSearchDirectories: Adding more searchDirectories C:\Program Files\dotnet\sdk\8.0.100\Extensions,C:\Program Files\dotnet\sdk\8.0.100
TpTrace Information: 0 : 27384, 1, 2023/12/14, 23:42:24.606, 1149249686960, vstest.console.dll, AssemblyResolver.AddSearchDirectories: Adding more searchDirectories C:\Program Files\dotnet\sdk\8.0.100\Extensions,C:\Program Files\dotnet\sdk\8.0.100
TpTrace Information: 0 : 27384, 1, 2023/12/14, 23:42:24.607, 1149249688368, vstest.console.dll, AssemblyResolver.AddSearchDirectories: Adding more searchDirectories C:\Program Files\dotnet\sdk\8.0.100\Extensions,C:\Program Files\dotnet\sdk\8.0.100
TpTrace Information: 0 : 27384, 1, 2023/12/14, 23:42:24.607, 1149249689623, vstest.console.dll, AssemblyResolver.AddSearchDirectories: Adding more searchDirectories C:\Program Files\dotnet\sdk\8.0.100\Extensions,C:\Program Files\dotnet\sdk\8.0.100
TpTrace Verbose: 0 : 27384, 1, 2023/12/14, 23:42:24.607, 1149249694886, vstest.console.dll, MetadataReaderExtensionsHelper: Discovering extensions inside assembly 'Microsoft.Diagnostics.NETCore.Client, Version=0.2.8.21101, Culture=neutral, PublicKeyToken=31bf3856ad364e35' file path 'C:\Program Files\dotnet\sdk\8.0.100\Extensions\Microsoft.Diagnostics.NETCore.Client.dll'
TpTrace Information: 0 : 27384, 1, 2023/12/14, 23:42:24.612, 1149249746992, vstest.console.dll, AssemblyResolver.OnResolve: Microsoft.Bcl.AsyncInterfaces: Resolving assembly.
TpTrace Information: 0 : 27384, 1, 2023/12/14, 23:42:24.613, 1149249748843, vstest.console.dll, AssemblyResolver.OnResolve: Microsoft.Bcl.AsyncInterfaces: Resolved from cache.
TpTrace Verbose: 0 : 27384, 1, 2023/12/14, 23:42:24.613, 1149249749569, vstest.console.dll, CurrentDomainAssemblyResolve: Resolving assembly 'Microsoft.Bcl.AsyncInterfaces'.
TpTrace Information: 0 : 27384, 1, 2023/12/14, 23:42:24.613, 1149249751990, vstest.console.dll, AssemblyResolver.OnResolve: Microsoft.Bcl.AsyncInterfaces: Resolving assembly.
TpTrace Information: 0 : 27384, 1, 2023/12/14, 23:42:24.613, 1149249753226, vstest.console.dll, AssemblyResolver.OnResolve: Microsoft.Bcl.AsyncInterfaces: Resolved from cache.
TpTrace Verbose: 0 : 27384, 1, 2023/12/14, 23:42:24.613, 1149249754532, vstest.console.dll, CurrentDomainAssemblyResolve: Resolving assembly 'Microsoft.Bcl.AsyncInterfaces'.
TpTrace Verbose: 0 : 27384, 1, 2023/12/14, 23:42:24.613, 1149249755901, vstest.console.dll, CurrentDomainAssemblyResolve: Failed to resolve assembly 'Microsoft.Bcl.AsyncInterfaces'.
TpTrace Verbose: 0 : 27384, 1, 2023/12/14, 23:42:24.614, 1149249762501, vstest.console.dll, CurrentDomainAssemblyResolve: Failed to resolve assembly 'Microsoft.Bcl.AsyncInterfaces'.
TpTrace Warning: 0 : 27384, 1, 2023/12/14, 23:42:24.615, 1149249775829, vstest.console.dll, TestPluginDiscoverer: Failed to get types from assembly 'Microsoft.Diagnostics.NETCore.Client, Version=0.2.8.21101, Culture=neutral, PublicKeyToken=31bf3856ad364e35'. Error: System.Reflection.ReflectionTypeLoadException: Unable to load one or more of the requested types.
Could not load file or assembly 'Microsoft.Bcl.AsyncInterfaces, Version=1.0.0.0, Culture=neutral, PublicKeyToken=cc7b13ffcd2ddd51'. The system cannot find the file specified.
   at System.Reflection.RuntimeModule.GetTypes(RuntimeModule module)
   at System.Reflection.RuntimeModule.GetTypes()
   at Microsoft.VisualStudio.TestPlatform.Common.ExtensionFramework.TestPluginDiscoverer.GetTestExtensionsFromAssembly[TPluginInfo,TExtension](Assembly assembly, Dictionary`2 pluginInfos, String filePath) in /_/src/Microsoft.TestPlatform.Common/ExtensionFramework/TestPluginDiscoverer.cs:line 158
System.IO.FileNotFoundException: Could not load file or assembly 'Microsoft.Bcl.AsyncInterfaces, Version=1.0.0.0, Culture=neutral, PublicKeyToken=cc7b13ffcd2ddd51'. The system cannot find the file specified.
File name: 'Microsoft.Bcl.AsyncInterfaces, Version=1.0.0.0, Culture=neutral, PublicKeyToken=cc7b13ffcd2ddd51'
 ---> System.IO.FileNotFoundException: Could not load file or assembly 'Microsoft.Bcl.AsyncInterfaces, Culture=neutral, PublicKeyToken=null'. The system cannot find the file specified.
File name: 'Microsoft.Bcl.AsyncInterfaces, Culture=neutral, PublicKeyToken=null'
   at System.Reflection.RuntimeAssembly.InternalLoad(AssemblyName assemblyName, StackCrawlMark& stackMark, AssemblyLoadContext assemblyLoadContext, RuntimeAssembly requestingAssembly, Boolean throwOnFileNotFound)
   at System.Reflection.Assembly.Load(AssemblyName assemblyRef)
   at Microsoft.VisualStudio.TestPlatform.Common.ExtensionFramework.TestPluginCache.CurrentDomainAssemblyResolve(Object sender, AssemblyResolveEventArgs args) in /_/src/Microsoft.TestPlatform.Common/ExtensionFramework/TestPluginCache.cs:line 513
   at System.Runtime.Loader.AssemblyLoadContext.GetFirstResolvedAssemblyFromResolvingEvent(AssemblyName assemblyName)
   at System.Runtime.Loader.AssemblyLoadContext.ResolveUsingEvent(AssemblyName assemblyName)
   at System.Runtime.Loader.AssemblyLoadContext.ResolveUsingResolvingEvent(IntPtr gchManagedAssemblyLoadContext, AssemblyName assemblyName)
TpTrace Warning: 0 : 27384, 1, 2023/12/14, 23:42:24.616, 1149249784123, vstest.console.dll, LoaderExceptions: System.IO.FileNotFoundException: Could not load file or assembly 'Microsoft.Bcl.AsyncInterfaces, Version=1.0.0.0, Culture=neutral, PublicKeyToken=cc7b13ffcd2ddd51'. The system cannot find the file specified.
File name: 'Microsoft.Bcl.AsyncInterfaces, Version=1.0.0.0, Culture=neutral, PublicKeyToken=cc7b13ffcd2ddd51'
 ---> System.IO.FileNotFoundException: Could not load file or assembly 'Microsoft.Bcl.AsyncInterfaces, Culture=neutral, PublicKeyToken=null'. The system cannot find the file specified.
File name: 'Microsoft.Bcl.AsyncInterfaces, Culture=neutral, PublicKeyToken=null'
   at System.Reflection.RuntimeAssembly.InternalLoad(AssemblyName assemblyName, StackCrawlMark& stackMark, AssemblyLoadContext assemblyLoadContext, RuntimeAssembly requestingAssembly, Boolean throwOnFileNotFound)
   at System.Reflection.Assembly.Load(AssemblyName assemblyRef)
   at Microsoft.VisualStudio.TestPlatform.Common.ExtensionFramework.TestPluginCache.CurrentDomainAssemblyResolve(Object sender, AssemblyResolveEventArgs args) in /_/src/Microsoft.TestPlatform.Common/ExtensionFramework/TestPluginCache.cs:line 513
   at System.Runtime.Loader.AssemblyLoadContext.GetFirstResolvedAssemblyFromResolvingEvent(AssemblyName assemblyName)
   at System.Runtime.Loader.AssemblyLoadContext.ResolveUsingEvent(AssemblyName assemblyName)
   at System.Runtime.Loader.AssemblyLoadContext.ResolveUsingResolvingEvent(IntPtr gchManagedAssemblyLoadContext, AssemblyName assemblyName)
TpTrace Verbose: 0 : 27384, 1, 2023/12/14, 23:42:24.617, 1149249788401, vstest.console.dll, MetadataReaderExtensionsHelper: Discovering extensions inside assembly 'Microsoft.TestPlatform.Extensions.BlameDataCollector, Version=15.0.0.0, Culture=neutral, PublicKeyToken=b03f5f7f11d50a3a' file path 'C:\Program Files\dotnet\sdk\8.0.100\Extensions\Microsoft.TestPlatform.Extensions.BlameDataCollector.dll'
TpTrace Information: 0 : 27384, 1, 2023/12/14, 23:42:24.620, 1149249819402, vstest.console.dll, GetTestExtensionFromType: Register extension with identifier data 'logger://Microsoft/TestPlatform/Extensions/Blame/v1' and type 'Microsoft.TestPlatform.Extensions.BlameDataCollector.BlameLogger, Microsoft.TestPlatform.Extensions.BlameDataCollector, Version=15.0.0.0, Culture=neutral, PublicKeyToken=b03f5f7f11d50a3a' inside file 'C:\Program Files\dotnet\sdk\8.0.100\Extensions\Microsoft.TestPlatform.Extensions.BlameDataCollector.dll'
TpTrace Verbose: 0 : 27384, 1, 2023/12/14, 23:42:24.620, 1149249826110, vstest.console.dll, MetadataReaderExtensionsHelper: Discovering extensions inside assembly 'Microsoft.TestPlatform.Extensions.EventLogCollector, Version=15.0.0.0, Culture=neutral, PublicKeyToken=b03f5f7f11d50a3a' file path 'C:\Program Files\dotnet\sdk\8.0.100\Extensions\Microsoft.TestPlatform.Extensions.EventLogCollector.dll'
TpTrace Verbose: 0 : 27384, 1, 2023/12/14, 23:42:24.625, 1149249875074, vstest.console.dll, MetadataReaderExtensionsHelper: Discovering extensions inside assembly 'Microsoft.TestPlatform.TestHostRuntimeProvider, Version=15.0.0.0, Culture=neutral, PublicKeyToken=b03f5f7f11d50a3a' file path 'C:\Program Files\dotnet\sdk\8.0.100\Extensions\Microsoft.TestPlatform.TestHostRuntimeProvider.dll'
TpTrace Verbose: 0 : 27384, 1, 2023/12/14, 23:42:24.626, 1149249887590, vstest.console.dll, MetadataReaderExtensionsHelper: Discovering extensions inside assembly 'Microsoft.VisualStudio.TestPlatform.Extensions.Html.TestLogger, Version=15.0.0.0, Culture=neutral, PublicKeyToken=b03f5f7f11d50a3a' file path 'C:\Program Files\dotnet\sdk\8.0.100\Extensions\Microsoft.VisualStudio.TestPlatform.Extensions.Html.TestLogger.dll'
TpTrace Information: 0 : 27384, 1, 2023/12/14, 23:42:24.628, 1149249906080, vstest.console.dll, GetTestExtensionFromType: Register extension with identifier data 'logger://Microsoft/TestPlatform/HtmlLogger/v1' and type 'Microsoft.VisualStudio.TestPlatform.Extensions.HtmlLogger.HtmlLogger, Microsoft.VisualStudio.TestPlatform.Extensions.Html.TestLogger, Version=15.0.0.0, Culture=neutral, PublicKeyToken=b03f5f7f11d50a3a' inside file 'C:\Program Files\dotnet\sdk\8.0.100\Extensions\Microsoft.VisualStudio.TestPlatform.Extensions.Html.TestLogger.dll'
TpTrace Verbose: 0 : 27384, 1, 2023/12/14, 23:42:24.628, 1149249908011, vstest.console.dll, MetadataReaderExtensionsHelper: Discovering extensions inside assembly 'Microsoft.VisualStudio.TestPlatform.Extensions.Trx.TestLogger, Version=15.0.0.0, Culture=neutral, PublicKeyToken=b03f5f7f11d50a3a' file path 'C:\Program Files\dotnet\sdk\8.0.100\Extensions\Microsoft.VisualStudio.TestPlatform.Extensions.Trx.TestLogger.dll'
TpTrace Information: 0 : 27384, 1, 2023/12/14, 23:42:24.630, 1149249919947, vstest.console.dll, GetTestExtensionFromType: Register extension with identifier data 'logger://Microsoft/TestPlatform/TrxLogger/v1' and type 'Microsoft.VisualStudio.TestPlatform.Extensions.TrxLogger.TrxLogger, Microsoft.VisualStudio.TestPlatform.Extensions.Trx.TestLogger, Version=15.0.0.0, Culture=neutral, PublicKeyToken=b03f5f7f11d50a3a' inside file 'C:\Program Files\dotnet\sdk\8.0.100\Extensions\Microsoft.VisualStudio.TestPlatform.Extensions.Trx.TestLogger.dll'
TpTrace Verbose: 0 : 27384, 1, 2023/12/14, 23:42:24.630, 1149249923196, vstest.console.dll, TestPluginCache: Discovered the extensions using extension path ''.
TpTrace Verbose: 0 : 27384, 1, 2023/12/14, 23:42:24.630, 1149249924482, vstest.console.dll, TestPluginCache: Discoverers are ''.
TpTrace Verbose: 0 : 27384, 1, 2023/12/14, 23:42:24.630, 1149249925185, vstest.console.dll, TestPluginCache: Executors are ''.
TpTrace Verbose: 0 : 27384, 1, 2023/12/14, 23:42:24.630, 1149249925665, vstest.console.dll, TestPluginCache: Executors2 are ''.
TpTrace Verbose: 0 : 27384, 1, 2023/12/14, 23:42:24.630, 1149249926543, vstest.console.dll, TestPluginCache: Setting providers are ''.
TpTrace Verbose: 0 : 27384, 1, 2023/12/14, 23:42:24.631, 1149249929085, vstest.console.dll, TestPluginCache: Loggers are 'logger://Microsoft/TestPlatform/Extensions/Blame/v1,logger://Microsoft/TestPlatform/HtmlLogger/v1,logger://Microsoft/TestPlatform/TrxLogger/v1'.
TpTrace Verbose: 0 : 27384, 1, 2023/12/14, 23:42:24.631, 1149249930511, vstest.console.dll, TestPluginCache: TestHosts are 'HostProvider://DefaultTestHost,HostProvider://DotnetTestHost'.
TpTrace Verbose: 0 : 27384, 1, 2023/12/14, 23:42:24.631, 1149249931490, vstest.console.dll, TestPluginCache: DataCollectors are ''.
TpTrace Information: 0 : 27384, 1, 2023/12/14, 23:42:24.634, 1149249963835, vstest.console.dll, TestPluginManager.CreateTestExtension: Attempting to load test extension: Microsoft.TestPlatform.Extensions.BlameDataCollector.BlameLogger
TpTrace Verbose: 0 : 27384, 1, 2023/12/14, 23:42:24.670, 1149250324288, vstest.console.dll, TestEngine: Initializing Parallel Execution as MaxCpuCount is set to: 1
TpTrace Information: 0 : 27384, 1, 2023/12/14, 23:42:24.675, 1149250375785, vstest.console.dll, TestPluginManager.CreateTestExtension: Attempting to load test extension: Microsoft.VisualStudio.TestPlatform.CrossPlatEngine.Hosting.DefaultTestHostManager
TpTrace Information: 0 : 27384, 1, 2023/12/14, 23:42:24.677, 1149250392475, vstest.console.dll, TestPluginManager.CreateTestExtension: Attempting to load test extension: Microsoft.VisualStudio.TestPlatform.CrossPlatEngine.Hosting.DotnetTestHostManager
TpTrace Information: 0 : 27384, 1, 2023/12/14, 23:42:24.681, 1149250432556, vstest.console.dll, InferRunSettingsHelper.IsTestSettingsEnabled: Unable to navigate to RunSettings/MSTest. Current node: RunSettings
TpTrace Verbose: 0 : 27384, 1, 2023/12/14, 23:42:24.684, 1149250465357, vstest.console.dll, ParallelOperationManager.ClearSlots: Clearing all slots. Slots should accept more work: True
TpTrace Verbose: 0 : 27384, 1, 2023/12/14, 23:42:24.686, 1149250486195, vstest.console.dll, ParallelOperationManager.SetOccupiedSlotCount: Setting slot counts AvailableSlotCount = 1, OccupiedSlotCount = 0.
TpTrace Verbose: 0 : 27384, 1, 2023/12/14, 23:42:24.688, 1149250506643, vstest.console.dll, Occupied slots:

TpTrace Verbose: 0 : 27384, 1, 2023/12/14, 23:42:24.706, 1149250685296, vstest.console.dll, TestEngine.GetExecutionManager: Chosen execution manager 'Microsoft.VisualStudio.TestPlatform.CrossPlatEngine.Client.Parallel.ParallelProxyExecutionManager, Microsoft.TestPlatform.CrossPlatEngine, Version=15.0.0.0, Culture=neutral, PublicKeyToken=b03f5f7f11d50a3a' ParallelLevel '1'.
TpTrace Verbose: 0 : 27384, 1, 2023/12/14, 23:42:24.707, 1149250694805, vstest.console.dll, TestRunRequest.ExecuteAsync: Creating test run request.
TpTrace Verbose: 0 : 27384, 1, 2023/12/14, 23:42:24.708, 1149250707541, vstest.console.dll, TestRunRequest.ExecuteAsync: Starting.
TpTrace Information: 0 : 27384, 1, 2023/12/14, 23:42:24.715, 1149250772292, vstest.console.dll, TestRunRequest.ExecuteAsync: Starting run with settings:TestRunCriteria:
   KeepAlive=False,FrequencyOfRunStatsChangeEvent=10,RunStatsChangeEventTimeout=00:00:01.5000000,TestCaseFilter=,TestExecutorLauncher=
   Settingsxml=<RunSettings>
  <RunConfiguration>
    <ResultsDirectory>D:\CloudCoderHub\GenericRepositoryPatternDotNet8-main\XunitProject\bin\Debug\net8.0\fine-code-coverage\coverage-tool-output</ResultsDirectory>
    <TargetPlatform>X64</TargetPlatform>
    <TargetFrameworkVersion>.NETCoreApp,Version=v8.0</TargetFrameworkVersion>
    <DesignMode>False</DesignMode>
    <CollectSourceInformation>False</CollectSourceInformation>
  </RunConfiguration>
  <LoggerRunSettings>
    <Loggers>
      <Logger friendlyName="blame" enabled="True" />
      <Logger friendlyName="Console" uri="logger://microsoft/TestPlatform/ConsoleLogger/v1" assemblyQualifiedName="Microsoft.VisualStudio.TestPlatform.CommandLine.Internal.ConsoleLogger, vstest.console, Version=15.0.0.0, Culture=neutral, PublicKeyToken=b03f5f7f11d50a3a" codeBase="C:\Program Files\dotnet\sdk\8.0.100\vstest.console.dll" enabled="True" />
    </Loggers>
  </LoggerRunSettings>
  <DataCollectionRunSettings>
    <DataCollectors>
      <DataCollector friendlyName="blame" enabled="True">
        <Configuration>
          <ResultsDirectory>D:\CloudCoderHub\GenericRepositoryPatternDotNet8-main\XunitProject\bin\Debug\net8.0\fine-code-coverage\coverage-tool-output</ResultsDirectory>
        </Configuration>
      </DataCollector>
    </DataCollectors>
  </DataCollectionRunSettings>
</RunSettings>

TpTrace Verbose: 0 : 27384, 1, 2023/12/14, 23:42:24.715, 1149250775161, vstest.console.dll, TestRunRequest.ExecuteAsync: Wait for the first run request is over.
TpTrace Verbose: 0 : 27384, 1, 2023/12/14, 23:42:24.716, 1149250784471, vstest.console.dll, MulticastDelegateUtilities.SafeInvoke: TestRun.TestRunStart: Invoking callbacks was skipped because there are no subscribers.
TpTrace Verbose: 0 : 27384, 4, 2023/12/14, 23:42:24.717, 1149250790457, vstest.console.dll, MulticastDelegateUtilities.SafeInvoke: InternalTestLoggerEvents.SendTestRunStart: Invoking callback 1/1 for Microsoft.VisualStudio.TestPlatform.CommandLine.Internal.ConsoleLogger., took 0 ms.
TpTrace Verbose: 0 : 27384, 1, 2023/12/14, 23:42:24.724, 1149250865310, vstest.console.dll, ParallelProxyExecutionManager: Start execution. Total sources: 1
TpTrace Verbose: 0 : 27384, 1, 2023/12/14, 23:42:24.725, 1149250873806, vstest.console.dll, ParallelOperationManager.StartWork: Starting adding 1 workloads.
TpTrace Verbose: 0 : 27384, 1, 2023/12/14, 23:42:24.725, 1149250875118, vstest.console.dll, ParallelOperationManager.ClearSlots: Clearing all slots. Slots should accept more work: True
TpTrace Verbose: 0 : 27384, 1, 2023/12/14, 23:42:24.725, 1149250876588, vstest.console.dll, ParallelOperationManager.SetOccupiedSlotCount: Setting slot counts AvailableSlotCount = 1, OccupiedSlotCount = 0.
TpTrace Verbose: 0 : 27384, 1, 2023/12/14, 23:42:24.725, 1149250877407, vstest.console.dll, Occupied slots:

TpTrace Verbose: 0 : 27384, 1, 2023/12/14, 23:42:24.728, 1149250903569, vstest.console.dll, TestRequestSender is acting as server.
TpTrace Verbose: 0 : 27384, 1, 2023/12/14, 23:42:24.732, 1149250938994, vstest.console.dll, ParallelOperationManager.RunWorkInParallel: Adding 1 workload to slot, remaining workloads 0.
TpTrace Verbose: 0 : 27384, 1, 2023/12/14, 23:42:24.732, 1149250945603, vstest.console.dll, ParallelOperationManager.SetOccupiedSlotCount: Setting slot counts AvailableSlotCount = 0, OccupiedSlotCount = 1.
TpTrace Verbose: 0 : 27384, 1, 2023/12/14, 23:42:24.733, 1149250951358, vstest.console.dll, Occupied slots:
0: D:\CloudCoderHub\GenericRepositoryPatternDotNet8-main\XunitProject\bin\Debug\net8.0\fine-code-coverage\build-output\XunitProject.dll
TpTrace Verbose: 0 : 27384, 1, 2023/12/14, 23:42:24.737, 1149250988365, vstest.console.dll, ParallelOperationManager.RunWorkInParallel: Started host in slot number 0 for work (source): D:\CloudCoderHub\GenericRepositoryPatternDotNet8-main\XunitProject\bin\Debug\net8.0\fine-code-coverage\build-output\XunitProject.dll.
TpTrace Verbose: 0 : 27384, 1, 2023/12/14, 23:42:24.742, 1149251041445, vstest.console.dll, ParallelOperationManager.RunWorkInParallel: We started 1 work items, which is the max parallel level. Won't start more work.
TpTrace Verbose: 0 : 27384, 1, 2023/12/14, 23:42:24.742, 1149251045434, vstest.console.dll, ParallelOperationManager.RunWorkInParallel: We started 1 work items in here, returning True.
TpTrace Information: 0 : 27384, 1, 2023/12/14, 23:42:24.742, 1149251047183, vstest.console.dll, TestRunRequest.ExecuteAsync: Started.
TpTrace Verbose: 0 : 27384, 5, 2023/12/14, 23:42:24.743, 1149251049862, vstest.console.dll, ParallelProxyExecutionManager.StartTestRunOnConcurrentManager: Initializing uninitialized client. Started clients: 0
TpTrace Verbose: 0 : 27384, 5, 2023/12/14, 23:42:24.744, 1149251060480, vstest.console.dll, DataCollectionRequestSender.InitializeCommunication : Initialize communication. 
TpTrace Verbose: 0 : 27384, 1, 2023/12/14, 23:42:24.746, 1149251084294, vstest.console.dll, TestRunRequest.WaitForCompletion: Waiting with timeout -1.
TpTrace Information: 0 : 27384, 5, 2023/12/14, 23:42:24.787, 1149251491026, vstest.console.dll, Listening on Endpoint : 127.0.0.1:62450
TpTrace Verbose: 0 : 27384, 5, 2023/12/14, 23:42:24.821, 1149251832619, vstest.console.dll, DotnetDataCollectionLauncher: Adding  --runtimeconfig "C:\Program Files\dotnet\sdk\8.0.100\datacollector.runtimeconfig.json" in args
TpTrace Verbose: 0 : 27384, 5, 2023/12/14, 23:42:24.822, 1149251842005, vstest.console.dll, DotnetDataCollectionLauncher: Adding  --depsfile "C:\Program Files\dotnet\sdk\8.0.100\datacollector.deps.json" in args
TpTrace Verbose: 0 : 27384, 5, 2023/12/14, 23:42:24.823, 1149251854472, vstest.console.dll, DotnetDataCollectionLauncher: Full path of dotnet.exe is C:\Program Files\dotnet\dotnet.exe
TpTrace Information: 0 : 27384, 5, 2023/12/14, 23:42:24.869, 1149252315769, vstest.console.dll, ProxyDataCollectionManager.Initialize: Launched datacollector processId: 27944 port: 62450
TpTrace Information: 0 : 27384, 5, 2023/12/14, 23:42:24.870, 1149252321465, vstest.console.dll, ProxyDataCollectionManager.Initialize: waiting for connection with timeout: 90 seconds
TpTrace Verbose: 0 : 27384, 5, 2023/12/14, 23:42:24.870, 1149252323163, vstest.console.dll, DataCollectionRequestSender.WaitForRequestHandlerConnection : Waiting for connection with timeout: 90000
TpTrace Verbose: 0 : 27384, 5, 2023/12/14, 23:42:25.555, 1149259177657, vstest.console.dll, SocketCommunicationManager.WaitForClientConnection took: 685 ms, with 90000 ms timeout, and finished with True.
TpTrace Information: 0 : 27384, 7, 2023/12/14, 23:42:25.555, 1149259177855, vstest.console.dll, Using the buffer size of 16384 bytes
TpTrace Information: 0 : 27384, 7, 2023/12/14, 23:42:25.556, 1149259181579, vstest.console.dll, Accepted Client request and set the flag
TpTrace Verbose: 0 : 27384, 5, 2023/12/14, 23:42:25.556, 1149259184699, vstest.console.dll, ProxyDataCollectionManager.InvokeDataCollectionServiceAction: Starting.
TpTrace Information: 0 : 27384, 5, 2023/12/14, 23:42:25.556, 1149259187888, vstest.console.dll, ProxyDataCollectionManager.BeforeTestRunStart: Get environment variable and port for datacollector processId: 27944 port: 62450
TpTrace Verbose: 0 : 27384, 5, 2023/12/14, 23:42:25.557, 1149259191818, vstest.console.dll, DataCollectionRequestSender.SendBeforeTestRunStartAndGetResult: Send BeforeTestRunStart message with settingsXml <RunSettings><RunConfiguration><ResultsDirectory>D:\CloudCoderHub\GenericRepositoryPatternDotNet8-main\XunitProject\bin\Debug\net8.0\fine-code-coverage\coverage-tool-output</ResultsDirectory><TargetPlatform>X64</TargetPlatform><TargetFrameworkVersion>.NETCoreApp,Version=v8.0</TargetFrameworkVersion><DesignMode>False</DesignMode><CollectSourceInformation>False</CollectSourceInformation><TestAdaptersPaths>C:\Program Files\dotnet\sdk\8.0.100\Extensions</TestAdaptersPaths></RunConfiguration><LoggerRunSettings><Loggers><Logger friendlyName="blame" enabled="True" /><Logger friendlyName="Console" uri="logger://microsoft/TestPlatform/ConsoleLogger/v1" assemblyQualifiedName="Microsoft.VisualStudio.TestPlatform.CommandLine.Internal.ConsoleLogger, vstest.console, Version=15.0.0.0, Culture=neutral, PublicKeyToken=b03f5f7f11d50a3a" codeBase="C:\Program Files\dotnet\sdk\8.0.100\vstest.console.dll" enabled="True" /></Loggers></LoggerRunSettings><DataCollectionRunSettings><DataCollectors><DataCollector friendlyName="blame" enabled="True"><Configuration><ResultsDirectory>D:\CloudCoderHub\GenericRepositoryPatternDotNet8-main\XunitProject\bin\Debug\net8.0\fine-code-coverage\coverage-tool-output</ResultsDirectory></Configuration></DataCollector></DataCollectors></DataCollectionRunSettings></RunSettings> and sources System.Collections.Generic.List`1[System.String]: 
TpTrace Verbose: 0 : 27384, 5, 2023/12/14, 23:42:25.836, 1149261988034, vstest.console.dll, DataCollectionRequestSender.SendBeforeTestRunStartAndGetResult: Received message: (DataCollection.SendMessage) -> {"MessageType":"DataCollection.SendMessage","Payload":{"FriendlyName":null,"Uri":null,"TestCaseId":"00000000-0000-0000-0000-000000000000","Message":"Logging DataCollector Diagnostics in file: D:\\CloudCoderHub\\GenericRepositoryPatternDotNet8-main\\XunitProject\\bin\\Debug\\net8.0\\fine-code-coverage\\coverage-tool-output\\diagnostics.datacollector.23-12-14_23-42-24_82028_5.log","Level":0}}
TpTrace Verbose: 0 : 27384, 5, 2023/12/14, 23:42:26.161, 1149265233827, vstest.console.dll, DataCollectionRequestSender.SendBeforeTestRunStartAndGetResult: Received message: (DataCollection.BeforeTestRunStartResult) -> {"MessageType":"DataCollection.BeforeTestRunStartResult","Payload":{"EnvironmentVariables":{},"DataCollectionEventsPort":62452}}
TpTrace Information: 0 : 27384, 5, 2023/12/14, 23:42:26.178, 1149265400419, vstest.console.dll, ProxyDataCollectionManager.BeforeTestRunStart: SendBeforeTestRunStartAndGetResult successful, env variable from datacollector:   and testhost port: 62452
TpTrace Information: 0 : 27384, 5, 2023/12/14, 23:42:26.178, 1149265405302, vstest.console.dll, ProxyDataCollectionManager.InvokeDataCollectionServiceAction: Completed.
TpTrace Verbose: 0 : 27384, 5, 2023/12/14, 23:42:26.178, 1149265407091, vstest.console.dll, ParallelProxyExecutionManager.StartTestRunOnConcurrentManager: Initializing test run. Started clients: 0
TpTrace Verbose: 0 : 27384, 5, 2023/12/14, 23:42:26.179, 1149265410820, vstest.console.dll, ProxyExecutionManager: Test host is always Lazy initialize.
TpTrace Verbose: 0 : 27384, 5, 2023/12/14, 23:42:26.180, 1149265418560, vstest.console.dll, TestRequestSender.InitializeCommunication: initialize communication. 
TpTrace Information: 0 : 27384, 5, 2023/12/14, 23:42:26.184, 1149265463987, vstest.console.dll, SocketServer.Start: Listening on endpoint : 127.0.0.1:62453
TpTrace Verbose: 0 : 27384, 5, 2023/12/14, 23:42:26.189, 1149265512537, vstest.console.dll, DotnetTestHostmanager.GetTestHostProcessStartInfo: Platform environment 'X64' target architecture 'X64' framework '.NETCoreApp,Version=v8.0' OS 'Windows'
TpTrace Verbose: 0 : 27384, 5, 2023/12/14, 23:42:26.190, 1149265522767, vstest.console.dll, DotnetTestHostmanager: Adding  --runtimeconfig "D:\CloudCoderHub\GenericRepositoryPatternDotNet8-main\XunitProject\bin\Debug\net8.0\fine-code-coverage\build-output\XunitProject.runtimeconfig.json" in args
TpTrace Verbose: 0 : 27384, 5, 2023/12/14, 23:42:26.190, 1149265526954, vstest.console.dll, DotnetTestHostmanager: Adding  --depsfile "D:\CloudCoderHub\GenericRepositoryPatternDotNet8-main\XunitProject\bin\Debug\net8.0\fine-code-coverage\build-output\XunitProject.deps.json" in args
TpTrace Verbose: 0 : 27384, 5, 2023/12/14, 23:42:26.191, 1149265533100, vstest.console.dll, DotnetTestHostmanager.IsWinOnArm: Current PROCESSOR_ARCHITECTURE from environment variable 'AMD64'
TpTrace Verbose: 0 : 27384, 5, 2023/12/14, 23:42:26.191, 1149265534596, vstest.console.dll, DotnetTestHostmanager.IsWinOnArm: Is Windows on ARM 'False'
TpTrace Verbose: 0 : 27384, 5, 2023/12/14, 23:42:26.191, 1149265536500, vstest.console.dll, DotnetTestHostManager: testhost.exe found at path: D:\CloudCoderHub\GenericRepositoryPatternDotNet8-main\XunitProject\bin\Debug\net8.0\fine-code-coverage\build-output\testhost.exe
TpTrace Verbose: 0 : 27384, 5, 2023/12/14, 23:42:26.191, 1149265537482, vstest.console.dll, DotnetTestHostmanager: Full path of host exe is D:\CloudCoderHub\GenericRepositoryPatternDotNet8-main\XunitProject\bin\Debug\net8.0\fine-code-coverage\build-output\testhost.exe
TpTrace Verbose: 0 : 27384, 5, 2023/12/14, 23:42:26.192, 1149265539877, vstest.console.dll, DotnetTestHostmanager.LaunchTestHostAsync: Found 'VSTEST_WINAPPHOST_DOTNET_ROOT' in env variables, value 'C:\Program Files\dotnet', forwarding to 'DOTNET_ROOT'
TpTrace Verbose: 0 : 27384, 5, 2023/12/14, 23:42:26.192, 1149265542838, vstest.console.dll, DotnetTestHostManager: Starting process 'D:\CloudCoderHub\GenericRepositoryPatternDotNet8-main\XunitProject\bin\Debug\net8.0\fine-code-coverage\build-output\testhost.exe' with command line ' --runtimeconfig "D:\CloudCoderHub\GenericRepositoryPatternDotNet8-main\XunitProject\bin\Debug\net8.0\fine-code-coverage\build-output\XunitProject.runtimeconfig.json" --depsfile "D:\CloudCoderHub\GenericRepositoryPatternDotNet8-main\XunitProject\bin\Debug\net8.0\fine-code-coverage\build-output\XunitProject.deps.json" --port 62453 --endpoint 127.0.0.1:062453 --role client --parentprocessid 27384 --diag "D:\CloudCoderHub\GenericRepositoryPatternDotNet8-main\XunitProject\bin\Debug\net8.0\fine-code-coverage\coverage-tool-output\diagnostics.host.23-12-14_23-42-26_18763_5.log" --tracelevel 4 --datacollectionport 62452 --telemetryoptedin false'
TpTrace Verbose: 0 : 27384, 5, 2023/12/14, 23:42:26.211, 1149265729865, vstest.console.dll, MulticastDelegateUtilities.SafeInvoke: HostProviderEvents.OnHostLaunched: Invoking callback 1/2 for Microsoft.VisualStudio.TestPlatform.CrossPlatEngine.Client.ProxyExecutionManagerWithDataCollection., took 3 ms.
TpTrace Verbose: 0 : 27384, 5, 2023/12/14, 23:42:26.212, 1149265739551, vstest.console.dll, Test Runtime launched
TpTrace Verbose: 0 : 27384, 5, 2023/12/14, 23:42:26.212, 1149265741833, vstest.console.dll, MulticastDelegateUtilities.SafeInvoke: HostProviderEvents.OnHostLaunched: Invoking callback 2/2 for Microsoft.VisualStudio.TestPlatform.CrossPlatEngine.Client.ProxyOperationManager., took 0 ms.
TpTrace Verbose: 0 : 27384, 5, 2023/12/14, 23:42:26.212, 1149265745626, vstest.console.dll, TestRequestSender.WaitForRequestHandlerConnection: waiting for connection with timeout: 90000.
TpTrace Verbose: 0 : 27384, 5, 2023/12/14, 23:42:26.934, 1149272961541, vstest.console.dll, TestRequestSender.WaitForRequestHandlerConnection: waiting took 721 ms, with timeout 90000 ms, and result 0, which is success.
TpTrace Verbose: 0 : 27384, 11, 2023/12/14, 23:42:26.934, 1149272961527, vstest.console.dll, MulticastDelegateUtilities.SafeInvoke: SocketServer: ClientConnected: Invoking callback 1/1 for Microsoft.VisualStudio.TestPlatform.CommunicationUtilities.TestRequestSender., took 0 ms.
TpTrace Verbose: 0 : 27384, 11, 2023/12/14, 23:42:26.934, 1149272965910, vstest.console.dll, SocketServer.OnClientConnected: Client connected for endPoint: 127.0.0.1:62453, starting MessageLoopAsync:
TpTrace Verbose: 0 : 27384, 11, 2023/12/14, 23:42:26.936, 1149272981990, vstest.console.dll, TcpClientExtensions.MessageLoopAsync: Polling on remoteEndPoint: 127.0.0.1:62454 localEndPoint: 127.0.0.1:62453
TpTrace Verbose: 0 : 27384, 5, 2023/12/14, 23:42:26.938, 1149273003014, vstest.console.dll, TestRequestSender.CheckVersionWithTestHost: Sending check version message: {"MessageType":"ProtocolVersion","Payload":7}
TpTrace Verbose: 0 : 27384, 11, 2023/12/14, 23:42:27.605, 1149279673665, vstest.console.dll, TcpClientExtensions.MessageLoopAsync: NotifyDataAvailable remoteEndPoint: 127.0.0.1:62454 localEndPoint: 127.0.0.1:62453
TpTrace Verbose: 0 : 27384, 11, 2023/12/14, 23:42:27.606, 1149279682043, vstest.console.dll, TestRequestSender.CheckVersionWithTestHost: onMessageReceived received message: (ProtocolVersion) -> {"MessageType":"ProtocolVersion","Payload":7}
TpTrace Verbose: 0 : 27384, 11, 2023/12/14, 23:42:27.608, 1149279701390, vstest.console.dll, MulticastDelegateUtilities.SafeInvoke: LengthPrefixCommunicationChannel: MessageReceived: Invoking callback 1/1 for Microsoft.VisualStudio.TestPlatform.CommunicationUtilities.TestRequestSender+<>c__DisplayClass29_0., took 2 ms.
TpTrace Verbose: 0 : 27384, 11, 2023/12/14, 23:42:27.608, 1149279704581, vstest.console.dll, TcpClientExtensions.MessageLoopAsync: Polling on remoteEndPoint: 127.0.0.1:62454 localEndPoint: 127.0.0.1:62453
TpTrace Verbose: 0 : 27384, 5, 2023/12/14, 23:42:27.608, 1149279706469, vstest.console.dll, TestPluginCache.GetExtensionPaths: Filtered extension paths: 
TpTrace Verbose: 0 : 27384, 5, 2023/12/14, 23:42:27.609, 1149279708957, vstest.console.dll, TestPluginCache.GetExtensionPaths: Added default extension paths: C:\Program Files\dotnet\sdk\8.0.100\Extensions\Microsoft.Diagnostics.NETCore.Client.dll
C:\Program Files\dotnet\sdk\8.0.100\Extensions\Microsoft.TestPlatform.Extensions.BlameDataCollector.dll
C:\Program Files\dotnet\sdk\8.0.100\Extensions\Microsoft.TestPlatform.Extensions.EventLogCollector.dll
C:\Program Files\dotnet\sdk\8.0.100\Extensions\Microsoft.TestPlatform.TestHostRuntimeProvider.dll
C:\Program Files\dotnet\sdk\8.0.100\Extensions\Microsoft.VisualStudio.TestPlatform.Extensions.Html.TestLogger.dll
C:\Program Files\dotnet\sdk\8.0.100\Extensions\Microsoft.VisualStudio.TestPlatform.Extensions.Trx.TestLogger.dll
TpTrace Verbose: 0 : 27384, 5, 2023/12/14, 23:42:27.609, 1149279711516, vstest.console.dll, TestPluginCache.GetExtensionPaths: Added unfilterableExtensionPaths: 
TpTrace Verbose: 0 : 27384, 5, 2023/12/14, 23:42:27.623, 1149279855396, vstest.console.dll, TestRequestSender.InitializeExecution: Sending initialize execution with message: {"Version":7,"MessageType":"TestExecution.Initialize","Payload":["D:\\CloudCoderHub\\GenericRepositoryPatternDotNet8-main\\XunitProject\\bin\\Debug\\net8.0\\fine-code-coverage\\build-output\\xunit.runner.visualstudio.dotnetcore.testadapter.dll"]}
TpTrace Verbose: 0 : 27384, 5, 2023/12/14, 23:42:27.624, 1149279861691, vstest.console.dll, ParallelProxyExecutionManager.StartTestRunOnConcurrentManager: Execution starting. Started clients: 1
TpTrace Verbose: 0 : 27384, 5, 2023/12/14, 23:42:27.625, 1149279875976, vstest.console.dll, TestRunRequest:SendTestRunMessage: Starting.
TpTrace Verbose: 0 : 27384, 5, 2023/12/14, 23:42:27.626, 1149279882739, vstest.console.dll, MulticastDelegateUtilities.SafeInvoke: TestRun.LogMessages: Invoking callback 1/1 for Microsoft.VisualStudio.TestPlatform.CommandLine.TestRunResultAggregator., took 0 ms.
TpTrace Information: 0 : 27384, 5, 2023/12/14, 23:42:27.626, 1149279884328, vstest.console.dll, TestRunRequest:SendTestRunMessage: Completed.
TpTrace Verbose: 0 : 27384, 4, 2023/12/14, 23:42:27.626, 1149279887042, vstest.console.dll, MulticastDelegateUtilities.SafeInvoke: InternalTestLoggerEvents.SendTestRunMessage: Invoking callback 1/1 for Microsoft.VisualStudio.TestPlatform.CommandLine.Internal.ConsoleLogger., took 0 ms.
TpTrace Warning: 0 : 27384, 5, 2023/12/14, 23:42:27.627, 1149279894598, vstest.console.dll, InferRunSettingsHelper.MakeRunsettingsCompatible: Removing the following settings: TargetPlatform from RunSettings file. To use those settings please move to latest version of Microsoft.NET.Test.Sdk
TpTrace Verbose: 0 : 27384, 11, 2023/12/14, 23:42:27.636, 1149279979089, vstest.console.dll, TcpClientExtensions.MessageLoopAsync: NotifyDataAvailable remoteEndPoint: 127.0.0.1:62454 localEndPoint: 127.0.0.1:62453
TpTrace Verbose: 0 : 27384, 11, 2023/12/14, 23:42:27.637, 1149279992367, vstest.console.dll, TestRequestSender.OnExecutionMessageReceived: Received message: {"Version":7,"MessageType":"TestSession.Message","Payload":{"MessageLevel":0,"Message":"Logging TestHost Diagnostics in file: D:\\CloudCoderHub\\GenericRepositoryPatternDotNet8-main\\XunitProject\\bin\\Debug\\net8.0\\fine-code-coverage\\coverage-tool-output\\diagnostics.host.23-12-14_23-42-26_18763_5.log"}}
TpTrace Verbose: 0 : 27384, 11, 2023/12/14, 23:42:27.645, 1149280075809, vstest.console.dll, TestRunRequest:SendTestRunMessage: Starting.
TpTrace Verbose: 0 : 27384, 11, 2023/12/14, 23:42:27.646, 1149280080206, vstest.console.dll, MulticastDelegateUtilities.SafeInvoke: TestRun.LogMessages: Invoking callback 1/1 for Microsoft.VisualStudio.TestPlatform.CommandLine.TestRunResultAggregator., took 0 ms.
TpTrace Information: 0 : 27384, 11, 2023/12/14, 23:42:27.646, 1149280081647, vstest.console.dll, TestRunRequest:SendTestRunMessage: Completed.
TpTrace Verbose: 0 : 27384, 11, 2023/12/14, 23:42:27.646, 1149280082778, vstest.console.dll, MulticastDelegateUtilities.SafeInvoke: LengthPrefixCommunicationChannel: MessageReceived: Invoking callback 1/1 for Microsoft.VisualStudio.TestPlatform.CommunicationUtilities.TestRequestSender+<>c__DisplayClass34_0., took 9 ms.
TpTrace Verbose: 0 : 27384, 11, 2023/12/14, 23:42:27.646, 1149280083883, vstest.console.dll, TcpClientExtensions.MessageLoopAsync: Polling on remoteEndPoint: 127.0.0.1:62454 localEndPoint: 127.0.0.1:62453
TpTrace Verbose: 0 : 27384, 4, 2023/12/14, 23:42:27.647, 1149280095253, vstest.console.dll, MulticastDelegateUtilities.SafeInvoke: InternalTestLoggerEvents.SendTestRunMessage: Invoking callback 1/1 for Microsoft.VisualStudio.TestPlatform.CommandLine.Internal.ConsoleLogger., took 0 ms.
TpTrace Verbose: 0 : 27384, 5, 2023/12/14, 23:42:27.678, 1149280399305, vstest.console.dll, TestRequestSender.StartTestRun: Sending test run with message: {"Version":7,"MessageType":"TestExecution.StartWithSources","Payload":{"AdapterSourceMap":{"_none_":["D:\\CloudCoderHub\\GenericRepositoryPatternDotNet8-main\\XunitProject\\bin\\Debug\\net8.0\\fine-code-coverage\\build-output\\XunitProject.dll"]},"RunSettings":"<RunSettings>\r\n  <RunConfiguration>\r\n    <ResultsDirectory>D:\\CloudCoderHub\\GenericRepositoryPatternDotNet8-main\\XunitProject\\bin\\Debug\\net8.0\\fine-code-coverage\\coverage-tool-output</ResultsDirectory>\r\n    <TargetFrameworkVersion>.NETCoreApp,Version=v8.0</TargetFrameworkVersion>\r\n    <DesignMode>False</DesignMode>\r\n    <CollectSourceInformation>False</CollectSourceInformation>\r\n  </RunConfiguration>\r\n  <LoggerRunSettings>\r\n    <Loggers>\r\n      <Logger friendlyName=\"blame\" enabled=\"True\" />\r\n      <Logger friendlyName=\"Console\" uri=\"logger://microsoft/TestPlatform/ConsoleLogger/v1\" assemblyQualifiedName=\"Microsoft.VisualStudio.TestPlatform.CommandLine.Internal.ConsoleLogger, vstest.console, Version=15.0.0.0, Culture=neutral, PublicKeyToken=b03f5f7f11d50a3a\" codeBase=\"C:\\Program Files\\dotnet\\sdk\\8.0.100\\vstest.console.dll\" enabled=\"True\" />\r\n    </Loggers>\r\n  </LoggerRunSettings>\r\n  <DataCollectionRunSettings>\r\n    <DataCollectors>\r\n      <DataCollector friendlyName=\"blame\" enabled=\"True\">\r\n        <Configuration>\r\n          <ResultsDirectory>D:\\CloudCoderHub\\GenericRepositoryPatternDotNet8-main\\XunitProject\\bin\\Debug\\net8.0\\fine-code-coverage\\coverage-tool-output</ResultsDirectory>\r\n        </Configuration>\r\n      </DataCollector>\r\n    </DataCollectors>\r\n  </DataCollectionRunSettings>\r\n</RunSettings>","TestExecutionContext":{"FrequencyOfRunStatsChangeEvent":10,"RunStatsChangeEventTimeout":"00:00:01.5000000","InIsolation":false,"KeepAlive":false,"AreTestCaseLevelEventsRequired":false,"IsDebug":false,"TestCaseFilter":null,"FilterOptions":null},"Package":null}}
TpTrace Verbose: 0 : 27384, 5, 2023/12/14, 23:42:27.678, 1149280405292, vstest.console.dll, ParallelProxyExecutionManager.StartTestRunOnConcurrentManager: Execution started. Started clients: 1
TpTrace Verbose: 0 : 27384, 11, 2023/12/14, 23:42:28.201, 1149285633220, vstest.console.dll, TcpClientExtensions.MessageLoopAsync: NotifyDataAvailable remoteEndPoint: 127.0.0.1:62454 localEndPoint: 127.0.0.1:62453
TpTrace Verbose: 0 : 27384, 11, 2023/12/14, 23:42:28.201, 1149285637635, vstest.console.dll, TestRequestSender.OnExecutionMessageReceived: Received message: {"Version":7,"MessageType":"TestSession.Message","Payload":{"MessageLevel":0,"Message":"[xUnit.net 00:00:00.00] xUnit.net VSTest Adapter v2.4.5+1caef2f33e (64-bit .NET 8.0.0)"}}
TpTrace Verbose: 0 : 27384, 11, 2023/12/14, 23:42:28.202, 1149285643715, vstest.console.dll, TestRunRequest:SendTestRunMessage: Starting.
TpTrace Verbose: 0 : 27384, 11, 2023/12/14, 23:42:28.202, 1149285646590, vstest.console.dll, MulticastDelegateUtilities.SafeInvoke: TestRun.LogMessages: Invoking callback 1/1 for Microsoft.VisualStudio.TestPlatform.CommandLine.TestRunResultAggregator., took 0 ms.
TpTrace Verbose: 0 : 27384, 4, 2023/12/14, 23:42:28.202, 1149285647037, vstest.console.dll, MulticastDelegateUtilities.SafeInvoke: InternalTestLoggerEvents.SendTestRunMessage: Invoking callback 1/1 for Microsoft.VisualStudio.TestPlatform.CommandLine.Internal.ConsoleLogger., took 0 ms.
TpTrace Information: 0 : 27384, 11, 2023/12/14, 23:42:28.202, 1149285647644, vstest.console.dll, TestRunRequest:SendTestRunMessage: Completed.
TpTrace Verbose: 0 : 27384, 11, 2023/12/14, 23:42:28.203, 1149285650101, vstest.console.dll, MulticastDelegateUtilities.SafeInvoke: LengthPrefixCommunicationChannel: MessageReceived: Invoking callback 1/1 for Microsoft.VisualStudio.TestPlatform.CommunicationUtilities.TestRequestSender+<>c__DisplayClass34_0., took 1 ms.
TpTrace Verbose: 0 : 27384, 11, 2023/12/14, 23:42:28.203, 1149285650944, vstest.console.dll, TcpClientExtensions.MessageLoopAsync: Polling on remoteEndPoint: 127.0.0.1:62454 localEndPoint: 127.0.0.1:62453
TpTrace Verbose: 0 : 27384, 11, 2023/12/14, 23:42:29.204, 1149295661692, vstest.console.dll, TcpClientExtensions.MessageLoopAsync: Polling on remoteEndPoint: 127.0.0.1:62454 localEndPoint: 127.0.0.1:62453
TpTrace Verbose: 0 : 27384, 11, 2023/12/14, 23:42:30.204, 1149305663281, vstest.console.dll, TcpClientExtensions.MessageLoopAsync: Polling on remoteEndPoint: 127.0.0.1:62454 localEndPoint: 127.0.0.1:62453
TpTrace Verbose: 0 : 27384, 11, 2023/12/14, 23:42:31.205, 1149315671983, vstest.console.dll, TcpClientExtensions.MessageLoopAsync: Polling on remoteEndPoint: 127.0.0.1:62454 localEndPoint: 127.0.0.1:62453
TpTrace Verbose: 0 : 27384, 11, 2023/12/14, 23:42:31.804, 1149321660348, vstest.console.dll, TcpClientExtensions.MessageLoopAsync: NotifyDataAvailable remoteEndPoint: 127.0.0.1:62454 localEndPoint: 127.0.0.1:62453
TpTrace Verbose: 0 : 27384, 11, 2023/12/14, 23:42:31.804, 1149321665160, vstest.console.dll, TestRequestSender.OnExecutionMessageReceived: Received message: {"Version":7,"MessageType":"TestSession.Message","Payload":{"MessageLevel":0,"Message":"[xUnit.net 00:00:03.61]   Discovering: XunitProject"}}
TpTrace Verbose: 0 : 27384, 11, 2023/12/14, 23:42:31.805, 1149321669508, vstest.console.dll, TestRunRequest:SendTestRunMessage: Starting.
TpTrace Verbose: 0 : 27384, 11, 2023/12/14, 23:42:31.805, 1149321672870, vstest.console.dll, MulticastDelegateUtilities.SafeInvoke: TestRun.LogMessages: Invoking callback 1/1 for Microsoft.VisualStudio.TestPlatform.CommandLine.TestRunResultAggregator., took 0 ms.
TpTrace Verbose: 0 : 27384, 4, 2023/12/14, 23:42:31.805, 1149321673918, vstest.console.dll, MulticastDelegateUtilities.SafeInvoke: InternalTestLoggerEvents.SendTestRunMessage: Invoking callback 1/1 for Microsoft.VisualStudio.TestPlatform.CommandLine.Internal.ConsoleLogger., took 0 ms.
TpTrace Information: 0 : 27384, 11, 2023/12/14, 23:42:31.805, 1149321674334, vstest.console.dll, TestRunRequest:SendTestRunMessage: Completed.
TpTrace Verbose: 0 : 27384, 11, 2023/12/14, 23:42:31.806, 1149321679181, vstest.console.dll, MulticastDelegateUtilities.SafeInvoke: LengthPrefixCommunicationChannel: MessageReceived: Invoking callback 1/1 for Microsoft.VisualStudio.TestPlatform.CommunicationUtilities.TestRequestSender+<>c__DisplayClass34_0., took 1 ms.
TpTrace Verbose: 0 : 27384, 11, 2023/12/14, 23:42:31.806, 1149321681144, vstest.console.dll, TcpClientExtensions.MessageLoopAsync: Polling on remoteEndPoint: 127.0.0.1:62454 localEndPoint: 127.0.0.1:62453
TpTrace Verbose: 0 : 27384, 11, 2023/12/14, 23:42:31.978, 1149323404362, vstest.console.dll, TcpClientExtensions.MessageLoopAsync: NotifyDataAvailable remoteEndPoint: 127.0.0.1:62454 localEndPoint: 127.0.0.1:62453
TpTrace Verbose: 0 : 27384, 11, 2023/12/14, 23:42:31.979, 1149323410202, vstest.console.dll, TestRequestSender.OnExecutionMessageReceived: Received message: {"Version":7,"MessageType":"TestSession.Message","Payload":{"MessageLevel":0,"Message":"[xUnit.net 00:00:03.79]   Discovered:  XunitProject"}}
TpTrace Verbose: 0 : 27384, 11, 2023/12/14, 23:42:31.979, 1149323415178, vstest.console.dll, TestRunRequest:SendTestRunMessage: Starting.
TpTrace Verbose: 0 : 27384, 11, 2023/12/14, 23:42:31.980, 1149323419134, vstest.console.dll, MulticastDelegateUtilities.SafeInvoke: TestRun.LogMessages: Invoking callback 1/1 for Microsoft.VisualStudio.TestPlatform.CommandLine.TestRunResultAggregator., took 0 ms.
TpTrace Verbose: 0 : 27384, 4, 2023/12/14, 23:42:31.980, 1149323419638, vstest.console.dll, MulticastDelegateUtilities.SafeInvoke: InternalTestLoggerEvents.SendTestRunMessage: Invoking callback 1/1 for Microsoft.VisualStudio.TestPlatform.CommandLine.Internal.ConsoleLogger., took 0 ms.
TpTrace Information: 0 : 27384, 11, 2023/12/14, 23:42:31.980, 1149323420646, vstest.console.dll, TestRunRequest:SendTestRunMessage: Completed.
TpTrace Verbose: 0 : 27384, 11, 2023/12/14, 23:42:31.980, 1149323424078, vstest.console.dll, MulticastDelegateUtilities.SafeInvoke: LengthPrefixCommunicationChannel: MessageReceived: Invoking callback 1/1 for Microsoft.VisualStudio.TestPlatform.CommunicationUtilities.TestRequestSender+<>c__DisplayClass34_0., took 1 ms.
TpTrace Verbose: 0 : 27384, 11, 2023/12/14, 23:42:31.980, 1149323425502, vstest.console.dll, TcpClientExtensions.MessageLoopAsync: Polling on remoteEndPoint: 127.0.0.1:62454 localEndPoint: 127.0.0.1:62453
TpTrace Verbose: 0 : 27384, 11, 2023/12/14, 23:42:31.992, 1149323541636, vstest.console.dll, TcpClientExtensions.MessageLoopAsync: NotifyDataAvailable remoteEndPoint: 127.0.0.1:62454 localEndPoint: 127.0.0.1:62453
TpTrace Verbose: 0 : 27384, 11, 2023/12/14, 23:42:31.992, 1149323545559, vstest.console.dll, TestRequestSender.OnExecutionMessageReceived: Received message: {"Version":7,"MessageType":"TestSession.Message","Payload":{"MessageLevel":0,"Message":"[xUnit.net 00:00:03.79]   Starting:    XunitProject"}}
TpTrace Verbose: 0 : 27384, 11, 2023/12/14, 23:42:31.993, 1149323553212, vstest.console.dll, TestRunRequest:SendTestRunMessage: Starting.
TpTrace Verbose: 0 : 27384, 11, 2023/12/14, 23:42:31.993, 1149323557005, vstest.console.dll, MulticastDelegateUtilities.SafeInvoke: TestRun.LogMessages: Invoking callback 1/1 for Microsoft.VisualStudio.TestPlatform.CommandLine.TestRunResultAggregator., took 0 ms.
TpTrace Verbose: 0 : 27384, 4, 2023/12/14, 23:42:31.993, 1149323557536, vstest.console.dll, MulticastDelegateUtilities.SafeInvoke: InternalTestLoggerEvents.SendTestRunMessage: Invoking callback 1/1 for Microsoft.VisualStudio.TestPlatform.CommandLine.Internal.ConsoleLogger., took 0 ms.
TpTrace Information: 0 : 27384, 11, 2023/12/14, 23:42:31.994, 1149323560321, vstest.console.dll, TestRunRequest:SendTestRunMessage: Completed.
TpTrace Verbose: 0 : 27384, 11, 2023/12/14, 23:42:31.994, 1149323561812, vstest.console.dll, MulticastDelegateUtilities.SafeInvoke: LengthPrefixCommunicationChannel: MessageReceived: Invoking callback 1/1 for Microsoft.VisualStudio.TestPlatform.CommunicationUtilities.TestRequestSender+<>c__DisplayClass34_0., took 1 ms.
TpTrace Verbose: 0 : 27384, 11, 2023/12/14, 23:42:31.994, 1149323563913, vstest.console.dll, TcpClientExtensions.MessageLoopAsync: Polling on remoteEndPoint: 127.0.0.1:62454 localEndPoint: 127.0.0.1:62453
TpTrace Verbose: 0 : 27384, 11, 2023/12/14, 23:42:32.164, 1149325263099, vstest.console.dll, TcpClientExtensions.MessageLoopAsync: NotifyDataAvailable remoteEndPoint: 127.0.0.1:62454 localEndPoint: 127.0.0.1:62453
TpTrace Verbose: 0 : 27384, 11, 2023/12/14, 23:42:32.164, 1149325266844, vstest.console.dll, TestRequestSender.OnExecutionMessageReceived: Received message: {"Version":7,"MessageType":"TestExecution.StatsChange","Payload":{"NewTestResults":[],"TestRunStatistics":{"ExecutedTests":0,"Stats":{}},"ActiveTests":[{"Id":"eb989397-a367-02a4-3178-3c6299da67e9","FullyQualifiedName":"XunitProject.EmployeeControllerTests.EmployeeController_GetAllEmployee","DisplayName":"XunitProject.EmployeeControllerTests.EmployeeController_GetAllEmployee","ExecutorUri":"executor://xunit/VsTestRunner2/netcoreapp","Source":"D:\\CloudCoderHub\\GenericRepositoryPatternDotNet8-main\\XunitProject\\bin\\Debug\\net8.0\\fine-code-coverage\\build-output\\XunitProject.dll","CodeFilePath":null,"LineNumber":0,"Properties":[]}]}}
TpTrace Verbose: 0 : 27384, 11, 2023/12/14, 23:42:32.212, 1149325743023, vstest.console.dll, TestRunRequest:SendTestRunStatsChange: Starting.
TpTrace Verbose: 0 : 27384, 11, 2023/12/14, 23:42:32.212, 1149325745609, vstest.console.dll, InProgress is XunitProject.EmployeeControllerTests.EmployeeController_GetAllEmployee
TpTrace Verbose: 0 : 27384, 11, 2023/12/14, 23:42:32.212, 1149325747434, vstest.console.dll, MulticastDelegateUtilities.SafeInvoke: TestRun.RunStatsChanged: Invoking callbacks was skipped because there are no subscribers.
TpTrace Information: 0 : 27384, 11, 2023/12/14, 23:42:32.212, 1149325748106, vstest.console.dll, TestRunRequest:SendTestRunStatsChange: Completed.
TpTrace Verbose: 0 : 27384, 11, 2023/12/14, 23:42:32.213, 1149325748824, vstest.console.dll, MulticastDelegateUtilities.SafeInvoke: LengthPrefixCommunicationChannel: MessageReceived: Invoking callback 1/1 for Microsoft.VisualStudio.TestPlatform.CommunicationUtilities.TestRequestSender+<>c__DisplayClass34_0., took 48 ms.
TpTrace Verbose: 0 : 27384, 11, 2023/12/14, 23:42:32.213, 1149325749516, vstest.console.dll, TcpClientExtensions.MessageLoopAsync: Polling on remoteEndPoint: 127.0.0.1:62454 localEndPoint: 127.0.0.1:62453
TpTrace Verbose: 0 : 27384, 11, 2023/12/14, 23:42:32.427, 1149327892841, vstest.console.dll, TcpClientExtensions.MessageLoopAsync: NotifyDataAvailable remoteEndPoint: 127.0.0.1:62454 localEndPoint: 127.0.0.1:62453
TpTrace Verbose: 0 : 27384, 11, 2023/12/14, 23:42:32.428, 1149327898326, vstest.console.dll, TestRequestSender.OnExecutionMessageReceived: Received message: {"Version":7,"MessageType":"TestSession.Message","Payload":{"MessageLevel":0,"Message":"[xUnit.net 00:00:04.23]   Finished:    XunitProject"}}
TpTrace Verbose: 0 : 27384, 11, 2023/12/14, 23:42:32.428, 1149327901613, vstest.console.dll, TestRunRequest:SendTestRunMessage: Starting.
TpTrace Verbose: 0 : 27384, 11, 2023/12/14, 23:42:32.428, 1149327903674, vstest.console.dll, MulticastDelegateUtilities.SafeInvoke: TestRun.LogMessages: Invoking callback 1/1 for Microsoft.VisualStudio.TestPlatform.CommandLine.TestRunResultAggregator., took 0 ms.
TpTrace Verbose: 0 : 27384, 4, 2023/12/14, 23:42:32.428, 1149327904370, vstest.console.dll, MulticastDelegateUtilities.SafeInvoke: InternalTestLoggerEvents.SendTestRunMessage: Invoking callback 1/1 for Microsoft.VisualStudio.TestPlatform.CommandLine.Internal.ConsoleLogger., took 0 ms.
TpTrace Information: 0 : 27384, 11, 2023/12/14, 23:42:32.428, 1149327904541, vstest.console.dll, TestRunRequest:SendTestRunMessage: Completed.
TpTrace Verbose: 0 : 27384, 11, 2023/12/14, 23:42:32.428, 1149327907194, vstest.console.dll, MulticastDelegateUtilities.SafeInvoke: LengthPrefixCommunicationChannel: MessageReceived: Invoking callback 1/1 for Microsoft.VisualStudio.TestPlatform.CommunicationUtilities.TestRequestSender+<>c__DisplayClass34_0., took 0 ms.
TpTrace Verbose: 0 : 27384, 11, 2023/12/14, 23:42:32.428, 1149327908140, vstest.console.dll, TcpClientExtensions.MessageLoopAsync: Polling on remoteEndPoint: 127.0.0.1:62454 localEndPoint: 127.0.0.1:62453
TpTrace Verbose: 0 : 27384, 11, 2023/12/14, 23:42:32.531, 1149328931507, vstest.console.dll, TcpClientExtensions.MessageLoopAsync: NotifyDataAvailable remoteEndPoint: 127.0.0.1:62454 localEndPoint: 127.0.0.1:62453
TpTrace Verbose: 0 : 27384, 11, 2023/12/14, 23:42:32.531, 1149328936085, vstest.console.dll, TestRequestSender.OnExecutionMessageReceived: Received message: {"Version":7,"MessageType":"TestExecution.Completed","Payload":{"TestRunCompleteArgs":{"TestRunStatistics":{"ExecutedTests":6,"Stats":{"Passed":6}},"IsCanceled":false,"IsAborted":false,"Error":null,"AttachmentSets":[],"InvokedDataCollectors":[],"ElapsedTimeInRunningTests":"00:00:04.2824946","Metrics":{},"DiscoveredExtensions":{"TestDiscoverers":["Xunit.Runner.VisualStudio.VsTestRunner, xunit.runner.visualstudio.dotnetcore.testadapter, Version=2.4.0.0, Culture=neutral, PublicKeyToken=8d05b1bb7a6fdb6c"],"TestExecutors":["executor://xunit/VsTestRunner2/netcoreapp"],"TestExecutors2":[],"TestSettingsProviders":[]}},"LastRunTests":{"NewTestResults":[{"TestCase":{"Id":"eb989397-a367-02a4-3178-3c6299da67e9","FullyQualifiedName":"XunitProject.EmployeeControllerTests.EmployeeController_GetAllEmployee","DisplayName":"XunitProject.EmployeeControllerTests.EmployeeController_GetAllEmployee","ExecutorUri":"executor://xunit/VsTestRunner2/netcoreapp","Source":"D:\\CloudCoderHub\\GenericRepositoryPatternDotNet8-main\\XunitProject\\bin\\Debug\\net8.0\\fine-code-coverage\\build-output\\XunitProject.dll","CodeFilePath":null,"LineNumber":0,"Properties":[]},"Attachments":[],"Outcome":1,"ErrorMessage":null,"ErrorStackTrace":null,"DisplayName":"XunitProject.EmployeeControllerTests.EmployeeController_GetAllEmployee","Messages":[],"ComputerName":"DESKTOP-TL24VP2","Duration":"00:00:00.1810321","StartTime":"2023-12-14T18:12:32.3168454+00:00","EndTime":"2023-12-14T18:12:32.3169014+00:00","Properties":[]},{"TestCase":{"Id":"cc03536f-bd5f-291b-8aa4-3b6b201e3963","FullyQualifiedName":"XunitProject.EmployeeControllerTests.EmployeeController_DeleteEmployee","DisplayName":"XunitProject.EmployeeControllerTests.EmployeeController_DeleteEmployee(id: 1)","ExecutorUri":"executor://xunit/VsTestRunner2/netcoreapp","Source":"D:\\CloudCoderHub\\GenericRepositoryPatternDotNet8-main\\XunitProject\\bin\\Debug\\net8.0\\fine-code-coverage\\build-output\\XunitProject.dll","CodeFilePath":null,"LineNumber":0,"Properties":[]},"Attachments":[],"Outcome":1,"ErrorMessage":null,"ErrorStackTrace":null,"DisplayName":"XunitProject.EmployeeControllerTests.EmployeeController_DeleteEmployee(id: 1)","Messages":[],"ComputerName":"DESKTOP-TL24VP2","Duration":"00:00:00.0039628","StartTime":"2023-12-14T18:12:32.3718684+00:00","EndTime":"2023-12-14T18:12:32.3718693+00:00","Properties":[]},{"TestCase":{"Id":"76fd1cbe-962e-49a4-d83f-e595890cd308","FullyQualifiedName":"XunitProject.EmployeeControllerTests.EmployeeController_GetEmployeeById","DisplayName":"XunitProject.EmployeeControllerTests.EmployeeController_GetEmployeeById(id: 1)","ExecutorUri":"executor://xunit/VsTestRunner2/netcoreapp","Source":"D:\\CloudCoderHub\\GenericRepositoryPatternDotNet8-main\\XunitProject\\bin\\Debug\\net8.0\\fine-code-coverage\\build-output\\XunitProject.dll","CodeFilePath":null,"LineNumber":0,"Properties":[]},"Attachments":[],"Outcome":1,"ErrorMessage":null,"ErrorStackTrace":null,"DisplayName":"XunitProject.EmployeeControllerTests.EmployeeController_GetEmployeeById(id: 1)","Messages":[],"ComputerName":"DESKTOP-TL24VP2","Duration":"00:00:00.0229486","StartTime":"2023-12-14T18:12:32.3888344+00:00","EndTime":"2023-12-14T18:12:32.3888355+00:00","Properties":[]},{"TestCase":{"Id":"49e8eec5-9127-f97e-7bc5-732439c36bfc","FullyQualifiedName":"XunitProject.EmployeeControllerTests.EmployeeController_GetEmployeeById","DisplayName":"XunitProject.EmployeeControllerTests.EmployeeController_GetEmployeeById(id: 2)","ExecutorUri":"executor://xunit/VsTestRunner2/netcoreapp","Source":"D:\\CloudCoderHub\\GenericRepositoryPatternDotNet8-main\\XunitProject\\bin\\Debug\\net8.0\\fine-code-coverage\\build-output\\XunitProject.dll","CodeFilePath":null,"LineNumber":0,"Properties":[]},"Attachments":[],"Outcome":1,"ErrorMessage":null,"ErrorStackTrace":null,"DisplayName":"XunitProject.EmployeeControllerTests.EmployeeController_GetEmployeeById(id: 2)","Messages":[],"ComputerName":"DESKTOP-TL24VP2","Duration":"00:00:00.0026762","StartTime":"2023-12-14T18:12:32.4006812+00:00","EndTime":"2023-12-14T18:12:32.4006815+00:00","Properties":[]},{"TestCase":{"Id":"0fe23ad4-69b7-0efb-4a46-38e54a6751f3","FullyQualifiedName":"XunitProject.EmployeeControllerTests.EmployeeController_InsertEmployee","DisplayName":"XunitProject.EmployeeControllerTests.EmployeeController_InsertEmployee","ExecutorUri":"executor://xunit/VsTestRunner2/netcoreapp","Source":"D:\\CloudCoderHub\\GenericRepositoryPatternDotNet8-main\\XunitProject\\bin\\Debug\\net8.0\\fine-code-coverage\\build-output\\XunitProject.dll","CodeFilePath":null,"LineNumber":0,"Properties":[]},"Attachments":[],"Outcome":1,"ErrorMessage":null,"ErrorStackTrace":null,"DisplayName":"XunitProject.EmployeeControllerTests.EmployeeController_InsertEmployee(employee: Employee { City = \"Canberra\", Id = 1, Name = \"Smith\" })","Messages":[],"ComputerName":"DESKTOP-TL24VP2","Duration":"00:00:00.0005974","StartTime":"2023-12-14T18:12:32.4072117+00:00","EndTime":"2023-12-14T18:12:32.407212+00:00","Properties":[]},{"TestCase":{"Id":"abcec643-7e95-ea2f-54bc-b6e209653c15","FullyQualifiedName":"XunitProject.EmployeeControllerTests.EmployeeController_UpdateEmployee","DisplayName":"XunitProject.EmployeeControllerTests.EmployeeController_UpdateEmployee","ExecutorUri":"executor://xunit/VsTestRunner2/netcoreapp","Source":"D:\\CloudCoderHub\\GenericRepositoryPatternDotNet8-main\\XunitProject\\bin\\Debug\\net8.0\\fine-code-coverage\\build-output\\XunitProject.dll","CodeFilePath":null,"LineNumber":0,"Properties":[]},"Attachments":[],"Outcome":1,"ErrorMessage":null,"ErrorStackTrace":null,"DisplayName":"XunitProject.EmployeeControllerTests.EmployeeController_UpdateEmployee(employee: Employee { City = \"Canberra\", Id = 1, Name = \"Smith\" })","Messages":[],"ComputerName":"DESKTOP-TL24VP2","Duration":"00:00:00.0004288","StartTime":"2023-12-14T18:12:32.416255+00:00","EndTime":"2023-12-14T18:12:32.4162553+00:00","Properties":[]}],"TestRunStatistics":{"ExecutedTests":6,"Stats":{"Passed":6}},"ActiveTests":[]},"RunAttachments":[],"ExecutorUris":["executor://xunit/VsTestRunner2/netcoreapp"]}}
TpTrace Verbose: 0 : 27384, 11, 2023/12/14, 23:42:32.532, 1149328940048, vstest.console.dll, TestRequestSender.EndSession: Sending end session.
TpTrace Verbose: 0 : 27384, 11, 2023/12/14, 23:42:32.532, 1149328943511, vstest.console.dll, ProxyOperationManager.Close: waiting for test host to exit for 100 ms
TpTrace Verbose: 0 : 27384, 12, 2023/12/14, 23:42:32.614, 1149329766859, vstest.console.dll, TestHostManagerCallbacks.ctor: Experimental forwarding output is disabled.
TpTrace Warning: 0 : 27384, 12, 2023/12/14, 23:42:32.615, 1149329771000, vstest.console.dll, TestHostManagerCallbacks.ErrorReceivedCallback Test host standard error line: 
TpTrace Warning: 0 : 27384, 11, 2023/12/14, 23:42:32.634, 1149329963287, vstest.console.dll, ProxyOperationManager: Timed out waiting for test host to exit. Will terminate process.
TpTrace Information: 0 : 27384, 11, 2023/12/14, 23:42:32.635, 1149329968693, vstest.console.dll, SocketServer.Stop: Stop server endPoint: 127.0.0.1:62453
TpTrace Information: 0 : 27384, 11, 2023/12/14, 23:42:32.635, 1149329969555, vstest.console.dll, SocketServer.Stop: Cancellation requested. Stopping message loop.
TpTrace Information: 0 : 27384, 11, 2023/12/14, 23:42:32.635, 1149329973665, vstest.console.dll, Closing the connection
TpTrace Verbose: 0 : 27384, 11, 2023/12/14, 23:42:32.684, 1149330459631, vstest.console.dll, TestHostProvider.ExitCallBack: Host exited starting callback.
TpTrace Information: 0 : 27384, 11, 2023/12/14, 23:42:32.684, 1149330467784, vstest.console.dll, TestHostManagerCallbacks.ExitCallBack: Testhost processId: 32852 exited with exitcode: 0 error: ''
TpTrace Verbose: 0 : 27384, 11, 2023/12/14, 23:42:32.685, 1149330470507, vstest.console.dll, DotnetTestHostManager.OnHostExited: invoking OnHostExited callback
TpTrace Verbose: 0 : 27384, 11, 2023/12/14, 23:42:32.685, 1149330474871, vstest.console.dll, CrossPlatEngine.TestHostManagerHostExited: calling on client process exit callback.
TpTrace Information: 0 : 27384, 11, 2023/12/14, 23:42:32.685, 1149330476314, vstest.console.dll, TestRequestSender.OnClientProcessExit: Test host process exited. Standard error: 
TpTrace Information: 0 : 27384, 11, 2023/12/14, 23:42:32.685, 1149330477389, vstest.console.dll, SocketServer.Stop: Stop server endPoint: 127.0.0.1:62453
TpTrace Information: 0 : 27384, 11, 2023/12/14, 23:42:32.686, 1149330478258, vstest.console.dll, SocketServer.Stop: Cancellation requested. Stopping message loop.
TpTrace Verbose: 0 : 27384, 11, 2023/12/14, 23:42:32.686, 1149330479171, vstest.console.dll, MulticastDelegateUtilities.SafeInvoke: HostProviderEvents.OnHostExited: Invoking callback 1/1 for Microsoft.VisualStudio.TestPlatform.CrossPlatEngine.Client.ProxyOperationManager., took 0 ms.
TpTrace Verbose: 0 : 27384, 11, 2023/12/14, 23:42:32.686, 1149330484096, vstest.console.dll, ProxyDataCollectionManager.InvokeDataCollectionServiceAction: Starting.
TpTrace Information: 0 : 27384, 11, 2023/12/14, 23:42:32.686, 1149330485196, vstest.console.dll, ProxyDataCollectionManager.AfterTestRunEnd: Get attachment set and invoked data collectors processId: 27944 port: 62450
TpTrace Verbose: 0 : 27384, 11, 2023/12/14, 23:42:32.686, 1149330486115, vstest.console.dll, DataCollectionRequestSender.SendAfterTestRunStartAndGetResult: Send AfterTestRunEnd message with isCancelled: False
TpTrace Verbose: 0 : 27384, 11, 2023/12/14, 23:42:32.698, 1149330604541, vstest.console.dll, DataCollectionRequestSender.SendAfterTestRunStartAndGetResult: Received message: (DataCollection.AfterTestRunEndResult) -> {"MessageType":"DataCollection.AfterTestRunEndResult","Payload":{"AttachmentSets":[],"InvokedDataCollectors":[{"Uri":"datacollector://Microsoft/TestPlatform/Extensions/Blame/v1","FriendlyName":"Blame","AssemblyQualifiedName":"Microsoft.TestPlatform.Extensions.BlameDataCollector.BlameCollector, Microsoft.TestPlatform.Extensions.BlameDataCollector, Version=15.0.0.0, Culture=neutral, PublicKeyToken=b03f5f7f11d50a3a","FilePath":"C:\\Program Files\\dotnet\\sdk\\8.0.100\\Extensions\\Microsoft.TestPlatform.Extensions.BlameDataCollector.dll","HasAttachmentProcessor":false}],"Metrics":{}}}
TpTrace Information: 0 : 27384, 11, 2023/12/14, 23:42:32.718, 1149330805074, vstest.console.dll, ProxyDataCollectionManager.InvokeDataCollectionServiceAction: Completed.
TpTrace Warning: 0 : 27384, 10, 2023/12/14, 23:42:32.742, 1149331043976, vstest.console.dll, DataCollectionLauncher.ErrorReceivedCallback datacollector standard error line: 
TpTrace Information: 0 : 27384, 10, 2023/12/14, 23:42:32.757, 1149331194356, vstest.console.dll, DataCollectionLauncher.ExitCallBack: Data collector exited with exitcode: 0 error: ''
TpTrace Verbose: 0 : 27384, 11, 2023/12/14, 23:42:32.809, 1149331715026, vstest.console.dll, TestRunRequest:SendTestRunStatsChange: Starting.
TpTrace Verbose: 0 : 27384, 11, 2023/12/14, 23:42:32.810, 1149331718859, vstest.console.dll, MulticastDelegateUtilities.SafeInvoke: TestRun.RunStatsChanged: Invoking callbacks was skipped because there are no subscribers.
TpTrace Information: 0 : 27384, 11, 2023/12/14, 23:42:32.810, 1149331719619, vstest.console.dll, TestRunRequest:SendTestRunStatsChange: Completed.
TpTrace Verbose: 0 : 27384, 11, 2023/12/14, 23:42:32.810, 1149331725617, vstest.console.dll, ParallelProxyExecutionManager: HandlePartialRunComplete: Total workloads = 1, Total started clients = 1 Total completed clients = 1, Run complete = True, Run canceled: False.
TpTrace Verbose: 0 : 27384, 11, 2023/12/14, 23:42:32.810, 1149331726385, vstest.console.dll, ParallelProxyExecutionManager: HandlePartialRunComplete: All runs completed stopping all managers.
TpTrace Verbose: 0 : 27384, 11, 2023/12/14, 23:42:32.810, 1149331727147, vstest.console.dll, ParallelOperationManager.StopAllManagers: Stopping all managers.
TpTrace Verbose: 0 : 27384, 11, 2023/12/14, 23:42:32.810, 1149331727761, vstest.console.dll, ParallelOperationManager.ClearSlots: Clearing all slots. Slots should accept more work: False
TpTrace Verbose: 0 : 27384, 11, 2023/12/14, 23:42:32.811, 1149331728603, vstest.console.dll, ParallelOperationManager.SetOccupiedSlotCount: Setting slot counts AvailableSlotCount = 1, OccupiedSlotCount = 0.
TpTrace Verbose: 0 : 27384, 11, 2023/12/14, 23:42:32.811, 1149331729646, vstest.console.dll, Occupied slots:

TpTrace Verbose: 0 : 27384, 4, 2023/12/14, 23:42:32.812, 1149331746866, vstest.console.dll, MulticastDelegateUtilities.SafeInvoke: InternalTestLoggerEvents.SendTestResult: Invoking callback 1/1 for Microsoft.VisualStudio.TestPlatform.CommandLine.Internal.ConsoleLogger., took 2 ms.
TpTrace Verbose: 0 : 27384, 4, 2023/12/14, 23:42:32.813, 1149331752439, vstest.console.dll, MulticastDelegateUtilities.SafeInvoke: InternalTestLoggerEvents.SendTestResult: Invoking callback 1/1 for Microsoft.VisualStudio.TestPlatform.CommandLine.Internal.ConsoleLogger., took 0 ms.
TpTrace Verbose: 0 : 27384, 4, 2023/12/14, 23:42:32.813, 1149331753717, vstest.console.dll, MulticastDelegateUtilities.SafeInvoke: InternalTestLoggerEvents.SendTestResult: Invoking callback 1/1 for Microsoft.VisualStudio.TestPlatform.CommandLine.Internal.ConsoleLogger., took 0 ms.
TpTrace Verbose: 0 : 27384, 4, 2023/12/14, 23:42:32.813, 1149331754597, vstest.console.dll, MulticastDelegateUtilities.SafeInvoke: InternalTestLoggerEvents.SendTestResult: Invoking callback 1/1 for Microsoft.VisualStudio.TestPlatform.CommandLine.Internal.ConsoleLogger., took 0 ms.
TpTrace Verbose: 0 : 27384, 4, 2023/12/14, 23:42:32.813, 1149331755672, vstest.console.dll, MulticastDelegateUtilities.SafeInvoke: InternalTestLoggerEvents.SendTestResult: Invoking callback 1/1 for Microsoft.VisualStudio.TestPlatform.CommandLine.Internal.ConsoleLogger., took 0 ms.
TpTrace Verbose: 0 : 27384, 4, 2023/12/14, 23:42:32.813, 1149331756933, vstest.console.dll, MulticastDelegateUtilities.SafeInvoke: InternalTestLoggerEvents.SendTestResult: Invoking callback 1/1 for Microsoft.VisualStudio.TestPlatform.CommandLine.Internal.ConsoleLogger., took 0 ms.
TpTrace Verbose: 0 : 27384, 4, 2023/12/14, 23:42:32.836, 1149331984041, vstest.console.dll, MulticastDelegateUtilities.SafeInvoke: InternalTestLoggerEvents.SendTestRunComplete: Invoking callback 1/2 for Microsoft.TestPlatform.Extensions.BlameDataCollector.BlameLogger., took 0 ms.
TpTrace Verbose: 0 : 27384, 4, 2023/12/14, 23:42:32.851, 1149332134779, vstest.console.dll, MulticastDelegateUtilities.SafeInvoke: InternalTestLoggerEvents.SendTestRunComplete: Invoking callback 2/2 for Microsoft.VisualStudio.TestPlatform.CommandLine.Internal.ConsoleLogger., took 14 ms.
TpTrace Verbose: 0 : 27384, 11, 2023/12/14, 23:42:32.852, 1149332142519, vstest.console.dll, TestRunRequest:TestRunComplete: Starting. IsAborted:False IsCanceled:False.
TpTrace Verbose: 0 : 27384, 11, 2023/12/14, 23:42:32.852, 1149332146305, vstest.console.dll, ParallelOperationManager.DoActionOnAllManagers: Calling an action on all managers.
TpTrace Verbose: 0 : 27384, 11, 2023/12/14, 23:42:32.855, 1149332175787, vstest.console.dll, TestLoggerManager.HandleTestRunComplete: Ignoring as the object is disposed.
TpTrace Verbose: 0 : 27384, 11, 2023/12/14, 23:42:32.856, 1149332180677, vstest.console.dll, MulticastDelegateUtilities.SafeInvoke: TestRun.TestRunComplete: Invoking callback 1/2 for Microsoft.VisualStudio.TestPlatform.CommandLine.TestRunResultAggregator., took 0 ms.
TpTrace Verbose: 0 : 27384, 11, 2023/12/14, 23:42:32.856, 1149332183679, vstest.console.dll, MulticastDelegateUtilities.SafeInvoke: TestRun.TestRunComplete: Invoking callback 2/2 for Microsoft.VisualStudio.TestPlatform.CommandLine.Processors.RunTestsArgumentExecutor+TestRunRequestEventsRegistrar., took 0 ms.
TpTrace Verbose: 0 : 27384, 1, 2023/12/14, 23:42:32.856, 1149332186475, vstest.console.dll, TestRunRequest.Dispose: Starting.
TpTrace Information: 0 : 27384, 11, 2023/12/14, 23:42:32.856, 1149332186694, vstest.console.dll, TestRunRequest:TestRunComplete: Completed.
TpTrace Verbose: 0 : 27384, 11, 2023/12/14, 23:42:32.857, 1149332189610, vstest.console.dll, TestRequestSender.SetOperationComplete: Setting operation complete.
TpTrace Information: 0 : 27384, 1, 2023/12/14, 23:42:32.857, 1149332189979, vstest.console.dll, TestRunRequest.Dispose: Completed.
TpTrace Information: 0 : 27384, 11, 2023/12/14, 23:42:32.857, 1149332190917, vstest.console.dll, SocketServer.Stop: Stop server endPoint: 127.0.0.1:62453
TpTrace Information: 0 : 27384, 1, 2023/12/14, 23:42:32.857, 1149332191816, vstest.console.dll, TestRequestManager.RunTests: run tests completed.
TpTrace Information: 0 : 27384, 11, 2023/12/14, 23:42:32.857, 1149332193021, vstest.console.dll, SocketServer.Stop: Cancellation requested. Stopping message loop.
TpTrace Information: 0 : 27384, 1, 2023/12/14, 23:42:32.857, 1149332194501, vstest.console.dll, RunTestsArgumentProcessor:Execute: Test run is completed.
TpTrace Verbose: 0 : 27384, 11, 2023/12/14, 23:42:32.857, 1149332194983, vstest.console.dll, MulticastDelegateUtilities.SafeInvoke: LengthPrefixCommunicationChannel: MessageReceived: Invoking callback 1/1 for Microsoft.VisualStudio.TestPlatform.CommunicationUtilities.TestRequestSender+<>c__DisplayClass34_0., took 325 ms.
TpTrace Information: 0 : 27384, 11, 2023/12/14, 23:42:32.857, 1149332197153, vstest.console.dll, SocketServer.PrivateStop: Stopping server endPoint: 127.0.0.1:62453 error: 
TpTrace Verbose: 0 : 27384, 1, 2023/12/14, 23:42:32.858, 1149332198869, vstest.console.dll, Executor.Execute: Exiting with exit code of 0
